<?xml version="1.0"?>
<!DOCTYPE coverage SYSTEM "http://cobertura.sourceforge.net/xml/coverage-04.dtd">

<coverage line-rate="0.6812339331619537" branch-rate="0.8414634146341463" lines-covered="265" lines-valid="389" branches-covered="138" branches-valid="164" complexity="2.75" version="2.1.1" timestamp="1432042164634">
	<sources>
		<source>/home/luka/OPJJ/newton/target/generated-sources/annotations</source>
		<source>--source</source>
		<source>/home/luka/OPJJ/newton/src/main/java</source>
	</sources>
	<packages>
		<package name="hr.fer.zemris.java.fractals" line-rate="0.0" branch-rate="0.0" complexity="2.857142857142857">
			<classes>
				<class name="hr.fer.zemris.java.fractals.Newton" filename="hr/fer/zemris/java/fractals/Newton.java" line-rate="0.0" branch-rate="0.0" complexity="2.857142857142857">
					<methods>
						<method name="&lt;init&gt;" signature="()V" line-rate="1.0" branch-rate="1.0" complexity="0">
							<lines>
							</lines>
						</method>
						<method name="access$000" signature="()Lhr/fer/zemris/java/fractals/complex/ComplexPolynomial;" line-rate="0.0" branch-rate="1.0" complexity="0">
							<lines>
								<line number="25" hits="0" branch="false"/>
							</lines>
						</method>
						<method name="calculate" signature="(DDDDIIIII[S)V" line-rate="0.0" branch-rate="0.0" complexity="0">
							<lines>
								<line number="78" hits="0" branch="false"/>
								<line number="79" hits="0" branch="true" condition-coverage="0% (0/2)">
									<conditions>
										<condition number="0" type="jump" coverage="0%"/>
									</conditions>
								</line>
								<line number="80" hits="0" branch="true" condition-coverage="0% (0/2)">
									<conditions>
										<condition number="0" type="jump" coverage="0%"/>
									</conditions>
								</line>
								<line number="82" hits="0" branch="false"/>
								<line number="83" hits="0" branch="false"/>
								<line number="85" hits="0" branch="false"/>
								<line number="86" hits="0" branch="false"/>
								<line number="87" hits="0" branch="false"/>
								<line number="88" hits="0" branch="false"/>
								<line number="91" hits="0" branch="false"/>
								<line number="92" hits="0" branch="false"/>
								<line number="93" hits="0" branch="false"/>
								<line number="94" hits="0" branch="false"/>
								<line number="95" hits="0" branch="false"/>
								<line number="96" hits="0" branch="true" condition-coverage="0% (0/4)">
									<conditions>
										<condition number="0" type="jump" coverage="0%"/>
										<condition number="1" type="jump" coverage="0%"/>
									</conditions>
								</line>
								<line number="98" hits="0" branch="false"/>
								<line number="99" hits="0" branch="true" condition-coverage="0% (0/2)">
									<conditions>
										<condition number="0" type="jump" coverage="0%"/>
									</conditions>
								</line>
								<line number="100" hits="0" branch="false"/>
								<line number="102" hits="0" branch="false"/>
								<line number="106" hits="0" branch="false"/>
							</lines>
						</method>
						<method name="getSequentialFractalproducer" signature="()Lhr/fer/zemris/java/fractals/viewer/IFractalProducer;" line-rate="0.0" branch-rate="1.0" complexity="0">
							<lines>
								<line number="113" hits="0" branch="false"/>
							</lines>
						</method>
						<method name="main" signature="([Ljava/lang/String;)V" line-rate="0.0" branch-rate="0.0" complexity="0">
							<lines>
								<line number="201" hits="0" branch="false"/>
								<line number="202" hits="0" branch="false"/>
								<line number="203" hits="0" branch="false"/>
								<line number="204" hits="0" branch="false"/>
								<line number="206" hits="0" branch="false"/>
								<line number="208" hits="0" branch="false"/>
								<line number="209" hits="0" branch="false"/>
								<line number="211" hits="0" branch="false"/>
								<line number="213" hits="0" branch="false"/>
								<line number="214" hits="0" branch="true" condition-coverage="0% (0/2)">
									<conditions>
										<condition number="0" type="jump" coverage="0%"/>
									</conditions>
								</line>
								<line number="215" hits="0" branch="false"/>
								<line number="216" hits="0" branch="false"/>
								<line number="217" hits="0" branch="false"/>
								<line number="218" hits="0" branch="true" condition-coverage="0% (0/2)">
									<conditions>
										<condition number="0" type="jump" coverage="0%"/>
									</conditions>
								</line>
								<line number="219" hits="0" branch="false"/>
								<line number="220" hits="0" branch="false"/>
								<line number="222" hits="0" branch="false"/>
								<line number="223" hits="0" branch="false"/>
								<line number="224" hits="0" branch="false"/>
								<line number="225" hits="0" branch="false"/>
								<line number="226" hits="0" branch="false"/>
								<line number="227" hits="0" branch="false"/>
								<line number="228" hits="0" branch="true" condition-coverage="0% (0/2)">
									<conditions>
										<condition number="0" type="jump" coverage="0%"/>
									</conditions>
								</line>
								<line number="229" hits="0" branch="false"/>
								<line number="230" hits="0" branch="false"/>
								<line number="231" hits="0" branch="false"/>
								<line number="232" hits="0" branch="true" condition-coverage="0% (0/2)">
									<conditions>
										<condition number="0" type="jump" coverage="0%"/>
									</conditions>
								</line>
								<line number="233" hits="0" branch="false"/>
								<line number="234" hits="0" branch="false"/>
								<line number="235" hits="0" branch="false"/>
								<line number="236" hits="0" branch="false"/>
								<line number="237" hits="0" branch="false"/>
								<line number="238" hits="0" branch="false"/>
								<line number="240" hits="0" branch="false"/>
								<line number="241" hits="0" branch="false"/>
								<line number="243" hits="0" branch="false"/>
								<line number="244" hits="0" branch="false"/>
								<line number="245" hits="0" branch="false"/>
								<line number="246" hits="0" branch="false"/>
								<line number="247" hits="0" branch="false"/>
								<line number="248" hits="0" branch="false"/>
								<line number="249" hits="0" branch="false"/>
								<line number="250" hits="0" branch="false"/>
							</lines>
						</method>
						<method name="showSequential" signature="()V" line-rate="0.0" branch-rate="1.0" complexity="0">
							<lines>
								<line number="44" hits="0" branch="false"/>
								<line number="45" hits="0" branch="false"/>
							</lines>
						</method>
					</methods>
					<lines>
						<line number="25" hits="0" branch="false"/>
						<line number="44" hits="0" branch="false"/>
						<line number="45" hits="0" branch="false"/>
						<line number="78" hits="0" branch="false"/>
						<line number="79" hits="0" branch="true" condition-coverage="0% (0/2)">
							<conditions>
								<condition number="0" type="jump" coverage="0%"/>
							</conditions>
						</line>
						<line number="80" hits="0" branch="true" condition-coverage="0% (0/2)">
							<conditions>
								<condition number="0" type="jump" coverage="0%"/>
							</conditions>
						</line>
						<line number="82" hits="0" branch="false"/>
						<line number="83" hits="0" branch="false"/>
						<line number="85" hits="0" branch="false"/>
						<line number="86" hits="0" branch="false"/>
						<line number="87" hits="0" branch="false"/>
						<line number="88" hits="0" branch="false"/>
						<line number="91" hits="0" branch="false"/>
						<line number="92" hits="0" branch="false"/>
						<line number="93" hits="0" branch="false"/>
						<line number="94" hits="0" branch="false"/>
						<line number="95" hits="0" branch="false"/>
						<line number="96" hits="0" branch="true" condition-coverage="0% (0/4)">
							<conditions>
								<condition number="0" type="jump" coverage="0%"/>
								<condition number="1" type="jump" coverage="0%"/>
							</conditions>
						</line>
						<line number="98" hits="0" branch="false"/>
						<line number="99" hits="0" branch="true" condition-coverage="0% (0/2)">
							<conditions>
								<condition number="0" type="jump" coverage="0%"/>
							</conditions>
						</line>
						<line number="100" hits="0" branch="false"/>
						<line number="102" hits="0" branch="false"/>
						<line number="106" hits="0" branch="false"/>
						<line number="113" hits="0" branch="false"/>
						<line number="201" hits="0" branch="false"/>
						<line number="202" hits="0" branch="false"/>
						<line number="203" hits="0" branch="false"/>
						<line number="204" hits="0" branch="false"/>
						<line number="206" hits="0" branch="false"/>
						<line number="208" hits="0" branch="false"/>
						<line number="209" hits="0" branch="false"/>
						<line number="211" hits="0" branch="false"/>
						<line number="213" hits="0" branch="false"/>
						<line number="214" hits="0" branch="true" condition-coverage="0% (0/2)">
							<conditions>
								<condition number="0" type="jump" coverage="0%"/>
							</conditions>
						</line>
						<line number="215" hits="0" branch="false"/>
						<line number="216" hits="0" branch="false"/>
						<line number="217" hits="0" branch="false"/>
						<line number="218" hits="0" branch="true" condition-coverage="0% (0/2)">
							<conditions>
								<condition number="0" type="jump" coverage="0%"/>
							</conditions>
						</line>
						<line number="219" hits="0" branch="false"/>
						<line number="220" hits="0" branch="false"/>
						<line number="222" hits="0" branch="false"/>
						<line number="223" hits="0" branch="false"/>
						<line number="224" hits="0" branch="false"/>
						<line number="225" hits="0" branch="false"/>
						<line number="226" hits="0" branch="false"/>
						<line number="227" hits="0" branch="false"/>
						<line number="228" hits="0" branch="true" condition-coverage="0% (0/2)">
							<conditions>
								<condition number="0" type="jump" coverage="0%"/>
							</conditions>
						</line>
						<line number="229" hits="0" branch="false"/>
						<line number="230" hits="0" branch="false"/>
						<line number="231" hits="0" branch="false"/>
						<line number="232" hits="0" branch="true" condition-coverage="0% (0/2)">
							<conditions>
								<condition number="0" type="jump" coverage="0%"/>
							</conditions>
						</line>
						<line number="233" hits="0" branch="false"/>
						<line number="234" hits="0" branch="false"/>
						<line number="235" hits="0" branch="false"/>
						<line number="236" hits="0" branch="false"/>
						<line number="237" hits="0" branch="false"/>
						<line number="238" hits="0" branch="false"/>
						<line number="240" hits="0" branch="false"/>
						<line number="241" hits="0" branch="false"/>
						<line number="243" hits="0" branch="false"/>
						<line number="244" hits="0" branch="false"/>
						<line number="245" hits="0" branch="false"/>
						<line number="246" hits="0" branch="false"/>
						<line number="247" hits="0" branch="false"/>
						<line number="248" hits="0" branch="false"/>
						<line number="249" hits="0" branch="false"/>
						<line number="250" hits="0" branch="false"/>
					</lines>
				</class>
				<class name="hr.fer.zemris.java.fractals.Newton$1" filename="hr/fer/zemris/java/fractals/Newton.java" line-rate="0.0" branch-rate="0.0" complexity="2.857142857142857">
					<methods>
						<method name="&lt;init&gt;" signature="()V" line-rate="0.0" branch-rate="1.0" complexity="0">
							<lines>
								<line number="113" hits="0" branch="false"/>
								<line number="115" hits="0" branch="false"/>
								<line number="116" hits="0" branch="false"/>
								<line number="117" hits="0" branch="false"/>
								<line number="118" hits="0" branch="false"/>
								<line number="122" hits="0" branch="false"/>
								<line number="123" hits="0" branch="false"/>
							</lines>
						</method>
						<method name="produce" signature="(DDDDIIJLhr/fer/zemris/java/fractals/viewer/IFractalResultObserver;)V" line-rate="0.0" branch-rate="0.0" complexity="0">
							<lines>
								<line number="125" hits="0" branch="false"/>
								<line number="126" hits="0" branch="false"/>
								<line number="134" hits="0" branch="false"/>
								<line number="135" hits="0" branch="false"/>
								<line number="137" hits="0" branch="false"/>
								<line number="165" hits="0" branch="false"/>
								<line number="167" hits="0" branch="false"/>
								<line number="168" hits="0" branch="false"/>
								<line number="169" hits="0" branch="true" condition-coverage="0% (0/2)">
									<conditions>
										<condition number="0" type="jump" coverage="0%"/>
									</conditions>
								</line>
								<line number="170" hits="0" branch="false"/>
								<line number="173" hits="0" branch="false"/>
								<line number="176" hits="0" branch="true" condition-coverage="0% (0/2)">
									<conditions>
										<condition number="0" type="jump" coverage="0%"/>
									</conditions>
								</line>
								<line number="178" hits="0" branch="false"/>
								<line number="179" hits="0" branch="false"/>
								<line number="180" hits="0" branch="true" condition-coverage="0% (0/2)">
									<conditions>
										<condition number="0" type="jump" coverage="0%"/>
									</conditions>
								</line>
								<line number="181" hits="0" branch="false"/>
								<line number="182" hits="0" branch="false"/>
								<line number="184" hits="0" branch="false"/>
								<line number="186" hits="0" branch="false"/>
								<line number="187" hits="0" branch="true" condition-coverage="0% (0/2)">
									<conditions>
										<condition number="0" type="jump" coverage="0%"/>
									</conditions>
								</line>
								<line number="189" hits="0" branch="false"/>
								<line number="190" hits="0" branch="false"/>
								<line number="191" hits="0" branch="false"/>
								<line number="192" hits="0" branch="false"/>
								<line number="193" hits="0" branch="false"/>
								<line number="198" hits="0" branch="false"/>
								<line number="199" hits="0" branch="false"/>
								<line number="201" hits="0" branch="false"/>
								<line number="202" hits="0" branch="false"/>
								<line number="203" hits="0" branch="false"/>
								<line number="204" hits="0" branch="false"/>
							</lines>
						</method>
					</methods>
					<lines>
						<line number="113" hits="0" branch="false"/>
						<line number="115" hits="0" branch="false"/>
						<line number="116" hits="0" branch="false"/>
						<line number="117" hits="0" branch="false"/>
						<line number="118" hits="0" branch="false"/>
						<line number="122" hits="0" branch="false"/>
						<line number="123" hits="0" branch="false"/>
						<line number="125" hits="0" branch="false"/>
						<line number="126" hits="0" branch="false"/>
						<line number="134" hits="0" branch="false"/>
						<line number="135" hits="0" branch="false"/>
						<line number="137" hits="0" branch="false"/>
						<line number="165" hits="0" branch="false"/>
						<line number="167" hits="0" branch="false"/>
						<line number="168" hits="0" branch="false"/>
						<line number="169" hits="0" branch="true" condition-coverage="0% (0/2)">
							<conditions>
								<condition number="0" type="jump" coverage="0%"/>
							</conditions>
						</line>
						<line number="170" hits="0" branch="false"/>
						<line number="173" hits="0" branch="false"/>
						<line number="176" hits="0" branch="true" condition-coverage="0% (0/2)">
							<conditions>
								<condition number="0" type="jump" coverage="0%"/>
							</conditions>
						</line>
						<line number="178" hits="0" branch="false"/>
						<line number="179" hits="0" branch="false"/>
						<line number="180" hits="0" branch="true" condition-coverage="0% (0/2)">
							<conditions>
								<condition number="0" type="jump" coverage="0%"/>
							</conditions>
						</line>
						<line number="181" hits="0" branch="false"/>
						<line number="182" hits="0" branch="false"/>
						<line number="184" hits="0" branch="false"/>
						<line number="186" hits="0" branch="false"/>
						<line number="187" hits="0" branch="true" condition-coverage="0% (0/2)">
							<conditions>
								<condition number="0" type="jump" coverage="0%"/>
							</conditions>
						</line>
						<line number="189" hits="0" branch="false"/>
						<line number="190" hits="0" branch="false"/>
						<line number="191" hits="0" branch="false"/>
						<line number="192" hits="0" branch="false"/>
						<line number="193" hits="0" branch="false"/>
						<line number="198" hits="0" branch="false"/>
						<line number="199" hits="0" branch="false"/>
						<line number="201" hits="0" branch="false"/>
						<line number="202" hits="0" branch="false"/>
						<line number="203" hits="0" branch="false"/>
						<line number="204" hits="0" branch="false"/>
					</lines>
				</class>
				<class name="hr.fer.zemris.java.fractals.Newton$1$1DataCalculator" filename="hr/fer/zemris/java/fractals/Newton.java" line-rate="0.0" branch-rate="1.0" complexity="2.857142857142857">
					<methods>
						<method name="&lt;init&gt;" signature="(Lhr/fer/zemris/java/fractals/Newton$1;IIDDDDIII[S)V" line-rate="0.0" branch-rate="1.0" complexity="0">
							<lines>
								<line number="149" hits="0" branch="false"/>
								<line number="150" hits="0" branch="false"/>
								<line number="151" hits="0" branch="false"/>
								<line number="152" hits="0" branch="false"/>
								<line number="153" hits="0" branch="false"/>
								<line number="160" hits="0" branch="false"/>
								<line number="161" hits="0" branch="false"/>
								<line number="162" hits="0" branch="false"/>
								<line number="163" hits="0" branch="false"/>
								<line number="164" hits="0" branch="false"/>
							</lines>
						</method>
						<method name="run" signature="()V" line-rate="0.0" branch-rate="1.0" complexity="0">
							<lines>
								<line number="171" hits="0" branch="false"/>
								<line number="173" hits="0" branch="false"/>
							</lines>
						</method>
					</methods>
					<lines>
						<line number="149" hits="0" branch="false"/>
						<line number="150" hits="0" branch="false"/>
						<line number="151" hits="0" branch="false"/>
						<line number="152" hits="0" branch="false"/>
						<line number="153" hits="0" branch="false"/>
						<line number="160" hits="0" branch="false"/>
						<line number="161" hits="0" branch="false"/>
						<line number="162" hits="0" branch="false"/>
						<line number="163" hits="0" branch="false"/>
						<line number="164" hits="0" branch="false"/>
						<line number="171" hits="0" branch="false"/>
						<line number="173" hits="0" branch="false"/>
					</lines>
				</class>
			</classes>
		</package>
		<package name="hr.fer.zemris.java.fractals.complex" line-rate="1.0" branch-rate="1.0" complexity="2.7916666666666665">
			<classes>
				<class name="hr.fer.zemris.java.fractals.complex.Complex" filename="hr/fer/zemris/java/fractals/complex/Complex.java" line-rate="1.0" branch-rate="1.0" complexity="2.6666666666666665">
					<methods>
						<method name="&lt;clinit&gt;" signature="()V" line-rate="1.0" branch-rate="1.0" complexity="0">
							<lines>
								<line number="9" hits="2" branch="false"/>
								<line number="10" hits="2" branch="false"/>
								<line number="11" hits="2" branch="false"/>
								<line number="12" hits="2" branch="false"/>
								<line number="13" hits="2" branch="false"/>
								<line number="20" hits="349" branch="false"/>
								<line number="24" hits="1" branch="false"/>
								<line number="28" hits="1" branch="false"/>
								<line number="32" hits="103" branch="false"/>
								<line number="36" hits="1" branch="false"/>
							</lines>
						</method>
						<method name="&lt;init&gt;" signature="(DD)V" line-rate="1.0" branch-rate="1.0" complexity="0">
							<lines>
								<line number="19" hits="348" branch="false"/>
								<line number="21" hits="348" branch="false"/>
								<line number="22" hits="348" branch="false"/>
								<line number="55" hits="182" branch="false"/>
								<line number="56" hits="182" branch="false"/>
								<line number="57" hits="199" branch="false"/>
								<line number="58" hits="182" branch="false"/>
							</lines>
						</method>
						<method name="add" signature="(Lhr/fer/zemris/java/fractals/complex/Complex;)Lhr/fer/zemris/java/fractals/complex/Complex;" line-rate="1.0" branch-rate="1.0" complexity="0">
							<lines>
								<line number="52" hits="76" branch="false"/>
								<line number="110" hits="90" branch="true" condition-coverage="100% (2/2)">
									<conditions>
										<condition number="0" type="jump" coverage="100%"/>
									</conditions>
								</line>
							</lines>
						</method>
						<method name="divide" signature="(Lhr/fer/zemris/java/fractals/complex/Complex;)Lhr/fer/zemris/java/fractals/complex/Complex;" line-rate="1.0" branch-rate="1.0" complexity="0">
							<lines>
								<line number="38" hits="4" branch="false"/>
								<line number="39" hits="4" branch="true" condition-coverage="100% (2/2)">
									<conditions>
										<condition number="0" type="jump" coverage="100%"/>
									</conditions>
								</line>
								<line number="40" hits="2" branch="false"/>
								<line number="42" hits="2" branch="false"/>
								<line number="43" hits="2" branch="false"/>
								<line number="44" hits="2" branch="false"/>
								<line number="45" hits="2" branch="false"/>
								<line number="47" hits="2" branch="false"/>
								<line number="90" hits="2" branch="false"/>
								<line number="91" hits="2" branch="true" condition-coverage="100% (2/2)">
									<conditions>
										<condition number="0" type="jump" coverage="100%"/>
									</conditions>
								</line>
								<line number="92" hits="89" branch="false"/>
								<line number="94" hits="1" branch="false"/>
								<line number="95" hits="1" branch="false"/>
								<line number="96" hits="27" branch="false"/>
								<line number="97" hits="1" branch="false"/>
								<line number="99" hits="1" branch="false"/>
							</lines>
						</method>
						<method name="equals" signature="(Ljava/lang/Object;)Z" line-rate="1.0" branch-rate="1.0" complexity="0">
							<lines>
								<line number="105" hits="152" branch="true" condition-coverage="100% (2/2)">
									<conditions>
										<condition number="0" type="jump" coverage="100%"/>
									</conditions>
								</line>
								<line number="106" hits="2" branch="false"/>
								<line number="108" hits="150" branch="false"/>
								<line number="109" hits="150" branch="true" condition-coverage="100% (2/2)">
									<conditions>
										<condition number="0" type="jump" coverage="100%"/>
									</conditions>
								</line>
								<line number="111" hits="42" branch="false"/>
								<line number="113" hits="108" branch="false"/>
								<line number="194" hits="76" branch="true" condition-coverage="100% (2/2)">
									<conditions>
										<condition number="0" type="jump" coverage="100%"/>
									</conditions>
								</line>
								<line number="195" hits="1" branch="false"/>
								<line number="198" hits="75" branch="false"/>
								<line number="199" hits="75" branch="false"/>
								<line number="200" hits="75" branch="true" condition-coverage="100% (2/2)">
									<conditions>
										<condition number="0" type="jump" coverage="100%"/>
									</conditions>
								</line>
								<line number="201" hits="26" branch="true" condition-coverage="100% (2/2)">
									<conditions>
										<condition number="0" type="jump" coverage="100%"/>
									</conditions>
								</line>
								<line number="202" hits="21" branch="false"/>
								<line number="204" hits="54" branch="false"/>
							</lines>
						</method>
						<method name="getImaginary" signature="()D" line-rate="1.0" branch-rate="1.0" complexity="0">
							<lines>
								<line number="175" hits="13" branch="false"/>
							</lines>
						</method>
						<method name="getReal" signature="()D" line-rate="1.0" branch-rate="1.0" complexity="0">
							<lines>
								<line number="100" hits="26" branch="false"/>
								<line number="184" hits="13" branch="false"/>
							</lines>
						</method>
						<method name="module" signature="()D" line-rate="1.0" branch-rate="1.0" complexity="0">
							<lines>
								<line number="26" hits="11" branch="false"/>
								<line number="66" hits="6" branch="false"/>
							</lines>
						</method>
						<method name="multiply" signature="(Lhr/fer/zemris/java/fractals/complex/Complex;)Lhr/fer/zemris/java/fractals/complex/Complex;" line-rate="1.0" branch-rate="1.0" complexity="0">
							<lines>
								<line number="31" hits="102" branch="false"/>
								<line number="33" hits="102" branch="false"/>
								<line number="77" hits="53" branch="false"/>
								<line number="78" hits="141" branch="false"/>
								<line number="79" hits="53" branch="false"/>
							</lines>
						</method>
						<method name="negate" signature="()Lhr/fer/zemris/java/fractals/complex/Complex;" line-rate="1.0" branch-rate="1.0" complexity="0">
							<lines>
								<line number="62" hits="30" branch="false"/>
								<line number="131" hits="17" branch="false"/>
							</lines>
						</method>
						<method name="parseComplex" signature="(Ljava/lang/String;)Lhr/fer/zemris/java/fractals/complex/Complex;" line-rate="1.0" branch-rate="1.0" complexity="0">
							<lines>
								<line number="119" hits="22" branch="true" condition-coverage="100% (2/2)">
									<conditions>
										<condition number="0" type="jump" coverage="100%"/>
									</conditions>
								</line>
								<line number="120" hits="2" branch="false"/>
								<line number="128" hits="20" branch="false"/>
								<line number="129" hits="20" branch="false"/>
								<line number="130" hits="20" branch="false"/>
								<line number="133" hits="20" branch="true" condition-coverage="100% (2/2)">
									<conditions>
										<condition number="0" type="jump" coverage="100%"/>
									</conditions>
								</line>
								<line number="135" hits="18" branch="false"/>
								<line number="137" hits="6" branch="false"/>
								<line number="138" hits="6" branch="false"/>
								<line number="139" hits="12" branch="false"/>
								<line number="146" hits="10" branch="false"/>
								<line number="222" hits="11" branch="true" condition-coverage="100% (2/2)">
									<conditions>
										<condition number="0" type="jump" coverage="100%"/>
									</conditions>
								</line>
								<line number="223" hits="1" branch="false"/>
								<line number="231" hits="10" branch="false"/>
								<line number="232" hits="10" branch="false"/>
								<line number="233" hits="10" branch="false"/>
								<line number="236" hits="10" branch="true" condition-coverage="100% (2/2)">
									<conditions>
										<condition number="0" type="jump" coverage="100%"/>
									</conditions>
								</line>
								<line number="238" hits="9" branch="false"/>
								<line number="240" hits="3" branch="false"/>
								<line number="241" hits="3" branch="false"/>
								<line number="242" hits="6" branch="false"/>
								<line number="244" hits="9" branch="false"/>
								<line number="246" hits="9" branch="true" condition-coverage="100% (2/2)">
									<conditions>
										<condition number="0" type="jump" coverage="100%"/>
									</conditions>
								</line>
								<line number="247" hits="3" branch="false"/>
								<line number="249" hits="5" branch="false"/>
								<line number="251" hits="1" branch="false"/>
								<line number="252" hits="1" branch="false"/>
								<line number="253" hits="9" branch="false"/>
								<line number="255" hits="1" branch="false"/>
								<line number="259" hits="9" branch="false"/>
							</lines>
						</method>
						<method name="sub" signature="(Lhr/fer/zemris/java/fractals/complex/Complex;)Lhr/fer/zemris/java/fractals/complex/Complex;" line-rate="1.0" branch-rate="1.0" complexity="0">
							<lines>
								<line number="121" hits="11" branch="false"/>
							</lines>
						</method>
						<method name="toString" signature="()Ljava/lang/String;" line-rate="1.0" branch-rate="1.0" complexity="0">
							<lines>
								<line number="67" hits="90" branch="false"/>
								<line number="68" hits="90" branch="true" condition-coverage="100% (2/2)">
									<conditions>
										<condition number="0" type="jump" coverage="100%"/>
									</conditions>
								</line>
								<line number="69" hits="90" branch="true" condition-coverage="100% (2/2)">
									<conditions>
										<condition number="0" type="jump" coverage="100%"/>
									</conditions>
								</line>
								<line number="70" hits="90" branch="true" condition-coverage="100% (4/4)">
									<conditions>
										<condition number="0" type="jump" coverage="100%"/>
										<condition number="1" type="jump" coverage="100%"/>
									</conditions>
								</line>
								<line number="71" hits="2" branch="false"/>
								<line number="74" hits="88" branch="false"/>
								<line number="75" hits="88" branch="false"/>
								<line number="76" hits="88" branch="false"/>
								<line number="81" hits="88" branch="true" condition-coverage="100% (2/2)">
									<conditions>
										<condition number="0" type="jump" coverage="100%"/>
									</conditions>
								</line>
								<line number="82" hits="76" branch="false"/>
								<line number="84" hits="88" branch="true" condition-coverage="100% (2/2)">
									<conditions>
										<condition number="0" type="jump" coverage="100%"/>
									</conditions>
								</line>
								<line number="85" hits="24" branch="true" condition-coverage="100% (2/2)">
									<conditions>
										<condition number="0" type="jump" coverage="100%"/>
									</conditions>
								</line>
								<line number="86" hits="12" branch="false"/>
								<line number="88" hits="12" branch="false"/>
								<line number="141" hits="65" branch="false"/>
								<line number="142" hits="47" branch="true" condition-coverage="100% (2/2)">
									<conditions>
										<condition number="0" type="jump" coverage="100%"/>
									</conditions>
								</line>
								<line number="143" hits="65" branch="true" condition-coverage="100% (2/2)">
									<conditions>
										<condition number="0" type="jump" coverage="100%"/>
									</conditions>
								</line>
								<line number="144" hits="53" branch="true" condition-coverage="100% (4/4)">
									<conditions>
										<condition number="0" type="jump" coverage="100%"/>
										<condition number="1" type="jump" coverage="100%"/>
									</conditions>
								</line>
								<line number="145" hits="1" branch="false"/>
								<line number="148" hits="48" branch="false"/>
								<line number="149" hits="48" branch="false"/>
								<line number="150" hits="64" branch="false"/>
								<line number="152" hits="48" branch="false"/>
								<line number="155" hits="46" branch="true" condition-coverage="100% (2/2)">
									<conditions>
										<condition number="0" type="jump" coverage="100%"/>
									</conditions>
								</line>
								<line number="156" hits="57" branch="false"/>
								<line number="158" hits="46" branch="true" condition-coverage="100% (2/2)">
									<conditions>
										<condition number="0" type="jump" coverage="100%"/>
									</conditions>
								</line>
								<line number="159" hits="13" branch="true" condition-coverage="100% (2/2)">
									<conditions>
										<condition number="0" type="jump" coverage="100%"/>
									</conditions>
								</line>
								<line number="160" hits="7" branch="false"/>
								<line number="162" hits="6" branch="false"/>
								<line number="166" hits="46" branch="false"/>
							</lines>
						</method>
					</methods>
					<lines>
						<line number="9" hits="2" branch="false"/>
						<line number="10" hits="2" branch="false"/>
						<line number="11" hits="2" branch="false"/>
						<line number="12" hits="2" branch="false"/>
						<line number="13" hits="2" branch="false"/>
						<line number="19" hits="348" branch="false"/>
						<line number="20" hits="349" branch="false"/>
						<line number="21" hits="348" branch="false"/>
						<line number="22" hits="348" branch="false"/>
						<line number="24" hits="1" branch="false"/>
						<line number="26" hits="11" branch="false"/>
						<line number="28" hits="1" branch="false"/>
						<line number="31" hits="102" branch="false"/>
						<line number="32" hits="103" branch="false"/>
						<line number="33" hits="102" branch="false"/>
						<line number="36" hits="1" branch="false"/>
						<line number="38" hits="4" branch="false"/>
						<line number="39" hits="4" branch="true" condition-coverage="100% (2/2)">
							<conditions>
								<condition number="0" type="jump" coverage="100%"/>
							</conditions>
						</line>
						<line number="40" hits="2" branch="false"/>
						<line number="42" hits="2" branch="false"/>
						<line number="43" hits="2" branch="false"/>
						<line number="44" hits="2" branch="false"/>
						<line number="45" hits="2" branch="false"/>
						<line number="47" hits="2" branch="false"/>
						<line number="52" hits="76" branch="false"/>
						<line number="55" hits="182" branch="false"/>
						<line number="56" hits="182" branch="false"/>
						<line number="57" hits="199" branch="false"/>
						<line number="58" hits="182" branch="false"/>
						<line number="62" hits="30" branch="false"/>
						<line number="66" hits="6" branch="false"/>
						<line number="67" hits="90" branch="false"/>
						<line number="68" hits="90" branch="true" condition-coverage="100% (2/2)">
							<conditions>
								<condition number="0" type="jump" coverage="100%"/>
							</conditions>
						</line>
						<line number="69" hits="90" branch="true" condition-coverage="100% (2/2)">
							<conditions>
								<condition number="0" type="jump" coverage="100%"/>
							</conditions>
						</line>
						<line number="70" hits="90" branch="true" condition-coverage="100% (4/4)">
							<conditions>
								<condition number="0" type="jump" coverage="100%"/>
								<condition number="1" type="jump" coverage="100%"/>
							</conditions>
						</line>
						<line number="71" hits="2" branch="false"/>
						<line number="74" hits="88" branch="false"/>
						<line number="75" hits="88" branch="false"/>
						<line number="76" hits="88" branch="false"/>
						<line number="77" hits="53" branch="false"/>
						<line number="78" hits="141" branch="false"/>
						<line number="79" hits="53" branch="false"/>
						<line number="81" hits="88" branch="true" condition-coverage="100% (2/2)">
							<conditions>
								<condition number="0" type="jump" coverage="100%"/>
							</conditions>
						</line>
						<line number="82" hits="76" branch="false"/>
						<line number="84" hits="88" branch="true" condition-coverage="100% (2/2)">
							<conditions>
								<condition number="0" type="jump" coverage="100%"/>
							</conditions>
						</line>
						<line number="85" hits="24" branch="true" condition-coverage="100% (2/2)">
							<conditions>
								<condition number="0" type="jump" coverage="100%"/>
							</conditions>
						</line>
						<line number="86" hits="12" branch="false"/>
						<line number="88" hits="12" branch="false"/>
						<line number="90" hits="2" branch="false"/>
						<line number="91" hits="2" branch="true" condition-coverage="100% (2/2)">
							<conditions>
								<condition number="0" type="jump" coverage="100%"/>
							</conditions>
						</line>
						<line number="92" hits="89" branch="false"/>
						<line number="94" hits="1" branch="false"/>
						<line number="95" hits="1" branch="false"/>
						<line number="96" hits="27" branch="false"/>
						<line number="97" hits="1" branch="false"/>
						<line number="99" hits="1" branch="false"/>
						<line number="100" hits="26" branch="false"/>
						<line number="105" hits="152" branch="true" condition-coverage="100% (2/2)">
							<conditions>
								<condition number="0" type="jump" coverage="100%"/>
							</conditions>
						</line>
						<line number="106" hits="2" branch="false"/>
						<line number="108" hits="150" branch="false"/>
						<line number="109" hits="150" branch="true" condition-coverage="100% (2/2)">
							<conditions>
								<condition number="0" type="jump" coverage="100%"/>
							</conditions>
						</line>
						<line number="110" hits="90" branch="true" condition-coverage="100% (2/2)">
							<conditions>
								<condition number="0" type="jump" coverage="100%"/>
							</conditions>
						</line>
						<line number="111" hits="42" branch="false"/>
						<line number="113" hits="108" branch="false"/>
						<line number="119" hits="22" branch="true" condition-coverage="100% (2/2)">
							<conditions>
								<condition number="0" type="jump" coverage="100%"/>
							</conditions>
						</line>
						<line number="120" hits="2" branch="false"/>
						<line number="121" hits="11" branch="false"/>
						<line number="128" hits="20" branch="false"/>
						<line number="129" hits="20" branch="false"/>
						<line number="130" hits="20" branch="false"/>
						<line number="131" hits="17" branch="false"/>
						<line number="133" hits="20" branch="true" condition-coverage="100% (2/2)">
							<conditions>
								<condition number="0" type="jump" coverage="100%"/>
							</conditions>
						</line>
						<line number="135" hits="18" branch="false"/>
						<line number="137" hits="6" branch="false"/>
						<line number="138" hits="6" branch="false"/>
						<line number="139" hits="12" branch="false"/>
						<line number="141" hits="65" branch="false"/>
						<line number="142" hits="47" branch="true" condition-coverage="100% (2/2)">
							<conditions>
								<condition number="0" type="jump" coverage="100%"/>
							</conditions>
						</line>
						<line number="143" hits="65" branch="true" condition-coverage="100% (2/2)">
							<conditions>
								<condition number="0" type="jump" coverage="100%"/>
							</conditions>
						</line>
						<line number="144" hits="53" branch="true" condition-coverage="100% (4/4)">
							<conditions>
								<condition number="0" type="jump" coverage="100%"/>
								<condition number="1" type="jump" coverage="100%"/>
							</conditions>
						</line>
						<line number="145" hits="1" branch="false"/>
						<line number="146" hits="10" branch="false"/>
						<line number="148" hits="48" branch="false"/>
						<line number="149" hits="48" branch="false"/>
						<line number="150" hits="64" branch="false"/>
						<line number="152" hits="48" branch="false"/>
						<line number="155" hits="46" branch="true" condition-coverage="100% (2/2)">
							<conditions>
								<condition number="0" type="jump" coverage="100%"/>
							</conditions>
						</line>
						<line number="156" hits="57" branch="false"/>
						<line number="158" hits="46" branch="true" condition-coverage="100% (2/2)">
							<conditions>
								<condition number="0" type="jump" coverage="100%"/>
							</conditions>
						</line>
						<line number="159" hits="13" branch="true" condition-coverage="100% (2/2)">
							<conditions>
								<condition number="0" type="jump" coverage="100%"/>
							</conditions>
						</line>
						<line number="160" hits="7" branch="false"/>
						<line number="162" hits="6" branch="false"/>
						<line number="166" hits="46" branch="false"/>
						<line number="175" hits="13" branch="false"/>
						<line number="184" hits="13" branch="false"/>
						<line number="194" hits="76" branch="true" condition-coverage="100% (2/2)">
							<conditions>
								<condition number="0" type="jump" coverage="100%"/>
							</conditions>
						</line>
						<line number="195" hits="1" branch="false"/>
						<line number="198" hits="75" branch="false"/>
						<line number="199" hits="75" branch="false"/>
						<line number="200" hits="75" branch="true" condition-coverage="100% (2/2)">
							<conditions>
								<condition number="0" type="jump" coverage="100%"/>
							</conditions>
						</line>
						<line number="201" hits="26" branch="true" condition-coverage="100% (2/2)">
							<conditions>
								<condition number="0" type="jump" coverage="100%"/>
							</conditions>
						</line>
						<line number="202" hits="21" branch="false"/>
						<line number="204" hits="54" branch="false"/>
						<line number="222" hits="11" branch="true" condition-coverage="100% (2/2)">
							<conditions>
								<condition number="0" type="jump" coverage="100%"/>
							</conditions>
						</line>
						<line number="223" hits="1" branch="false"/>
						<line number="231" hits="10" branch="false"/>
						<line number="232" hits="10" branch="false"/>
						<line number="233" hits="10" branch="false"/>
						<line number="236" hits="10" branch="true" condition-coverage="100% (2/2)">
							<conditions>
								<condition number="0" type="jump" coverage="100%"/>
							</conditions>
						</line>
						<line number="238" hits="9" branch="false"/>
						<line number="240" hits="3" branch="false"/>
						<line number="241" hits="3" branch="false"/>
						<line number="242" hits="6" branch="false"/>
						<line number="244" hits="9" branch="false"/>
						<line number="246" hits="9" branch="true" condition-coverage="100% (2/2)">
							<conditions>
								<condition number="0" type="jump" coverage="100%"/>
							</conditions>
						</line>
						<line number="247" hits="3" branch="false"/>
						<line number="249" hits="5" branch="false"/>
						<line number="251" hits="1" branch="false"/>
						<line number="252" hits="1" branch="false"/>
						<line number="253" hits="9" branch="false"/>
						<line number="255" hits="1" branch="false"/>
						<line number="259" hits="9" branch="false"/>
					</lines>
				</class>
				<class name="hr.fer.zemris.java.fractals.complex.ComplexPolynomial" filename="hr/fer/zemris/java/fractals/complex/ComplexPolynomial.java" line-rate="1.0" branch-rate="1.0" complexity="3.142857142857143">
					<methods>
						<method name="&lt;init&gt;" signature="([Lhr/fer/zemris/java/fractals/complex/Complex;)V" line-rate="1.0" branch-rate="1.0" complexity="0">
							<lines>
								<line number="13" hits="46" branch="false"/>
								<line number="14" hits="46" branch="false"/>
								<line number="15" hits="46" branch="false"/>
								<line number="16" hits="46" branch="true" condition-coverage="100% (2/2)">
									<conditions>
										<condition number="0" type="jump" coverage="100%"/>
									</conditions>
								</line>
								<line number="17" hits="4" branch="false"/>
								<line number="19" hits="42" branch="false"/>
								<line number="20" hits="42" branch="false"/>
								<line number="28" hits="23" branch="false"/>
								<line number="29" hits="33" branch="false"/>
								<line number="30" hits="33" branch="false"/>
								<line number="31" hits="55" branch="true" condition-coverage="100% (2/2)">
									<conditions>
										<condition number="0" type="jump" coverage="100%"/>
									</conditions>
								</line>
								<line number="32" hits="82" branch="true" condition-coverage="100% (2/2)">
									<conditions>
										<condition number="0" type="jump" coverage="100%"/>
									</conditions>
								</line>
								<line number="34" hits="79" branch="false"/>
								<line number="35" hits="21" branch="false"/>
							</lines>
						</method>
						<method name="apply" signature="(Lhr/fer/zemris/java/fractals/complex/Complex;)Lhr/fer/zemris/java/fractals/complex/Complex;" line-rate="1.0" branch-rate="1.0" complexity="0">
							<lines>
								<line number="58" hits="10" branch="false"/>
								<line number="62" hits="10" branch="false"/>
								<line number="64" hits="2" branch="false"/>
								<line number="82" hits="1" branch="false"/>
								<line number="83" hits="66" branch="true" condition-coverage="100% (2/2)">
									<conditions>
										<condition number="0" type="jump" coverage="100%"/>
									</conditions>
								</line>
								<line number="85" hits="5" branch="false"/>
								<line number="86" hits="75" branch="true" condition-coverage="100% (2/2)">
									<conditions>
										<condition number="0" type="jump" coverage="100%"/>
									</conditions>
								</line>
								<line number="87" hits="70" branch="true" condition-coverage="100% (2/2)">
									<conditions>
										<condition number="0" type="jump" coverage="100%"/>
									</conditions>
								</line>
								<line number="89" hits="5" branch="false"/>
								<line number="91" hits="23" branch="false"/>
							</lines>
						</method>
						<method name="derive" signature="()Lhr/fer/zemris/java/fractals/complex/ComplexPolynomial;" line-rate="1.0" branch-rate="1.0" complexity="0">
							<lines>
								<line number="44" hits="2" branch="false"/>
								<line number="45" hits="10" branch="true" condition-coverage="100% (2/2)">
									<conditions>
										<condition number="0" type="jump" coverage="100%"/>
									</conditions>
								</line>
								<line number="46" hits="8" branch="false"/>
								<line number="49" hits="2" branch="false"/>
								<line number="50" hits="2" branch="false"/>
								<line number="68" hits="1" branch="false"/>
								<line number="69" hits="27" branch="true" condition-coverage="100% (2/2)">
									<conditions>
										<condition number="0" type="jump" coverage="100%"/>
									</conditions>
								</line>
								<line number="70" hits="114" branch="true" condition-coverage="100% (2/2)">
									<conditions>
										<condition number="0" type="jump" coverage="100%"/>
									</conditions>
								</line>
								<line number="72" hits="29" branch="false"/>
								<line number="73" hits="1" branch="false"/>
							</lines>
						</method>
						<method name="multiply" signature="(Lhr/fer/zemris/java/fractals/complex/ComplexPolynomial;)Lhr/fer/zemris/java/fractals/complex/ComplexPolynomial;" line-rate="1.0" branch-rate="1.0" complexity="0">
							<lines>
								<line number="33" hits="116" branch="false"/>
								<line number="37" hits="10" branch="false"/>
								<line number="38" hits="10" branch="false"/>
								<line number="51" hits="5" branch="false"/>
								<line number="52" hits="5" branch="false"/>
								<line number="53" hits="16" branch="true" condition-coverage="100% (2/2)">
									<conditions>
										<condition number="0" type="jump" coverage="100%"/>
									</conditions>
								</line>
								<line number="54" hits="40" branch="true" condition-coverage="100% (2/2)">
									<conditions>
										<condition number="0" type="jump" coverage="100%"/>
									</conditions>
								</line>
								<line number="55" hits="60" branch="false"/>
								<line number="56" hits="41" branch="true" condition-coverage="100% (2/2)">
									<conditions>
										<condition number="0" type="jump" coverage="100%"/>
									</conditions>
								</line>
								<line number="59" hits="35" branch="true" condition-coverage="100% (2/2)">
									<conditions>
										<condition number="0" type="jump" coverage="100%"/>
									</conditions>
								</line>
								<line number="60" hits="25" branch="false"/>
							</lines>
						</method>
						<method name="normalizeFactors" signature="([Lhr/fer/zemris/java/fractals/complex/Complex;)[Lhr/fer/zemris/java/fractals/complex/Complex;" line-rate="1.0" branch-rate="1.0" complexity="0">
							<lines>
								<line number="95" hits="46" branch="false"/>
								<line number="96" hits="58" branch="true" condition-coverage="100% (2/2)">
									<conditions>
										<condition number="0" type="jump" coverage="100%"/>
									</conditions>
								</line>
								<line number="97" hits="54" branch="true" condition-coverage="100% (2/2)">
									<conditions>
										<condition number="0" type="jump" coverage="100%"/>
									</conditions>
								</line>
								<line number="98" hits="42" branch="false"/>
								<line number="100" hits="12" branch="false"/>
								<line number="132" hits="23" branch="false"/>
								<line number="133" hits="29" branch="true" condition-coverage="100% (2/2)">
									<conditions>
										<condition number="0" type="jump" coverage="100%"/>
									</conditions>
								</line>
								<line number="134" hits="27" branch="true" condition-coverage="100% (2/2)">
									<conditions>
										<condition number="0" type="jump" coverage="100%"/>
									</conditions>
								</line>
								<line number="135" hits="21" branch="false"/>
								<line number="137" hits="6" branch="false"/>
								<line number="140" hits="23" branch="false"/>
							</lines>
						</method>
						<method name="order" signature="()S" line-rate="1.0" branch-rate="1.0" complexity="0">
							<lines>
								<line number="24" hits="24" branch="false"/>
								<line number="42" hits="12" branch="false"/>
							</lines>
						</method>
						<method name="toString" signature="()Ljava/lang/String;" line-rate="1.0" branch-rate="1.0" complexity="0">
							<lines>
								<line number="71" hits="88" branch="true" condition-coverage="100% (2/2)">
									<conditions>
										<condition number="0" type="jump" coverage="100%"/>
									</conditions>
								</line>
								<line number="75" hits="60" branch="false"/>
								<line number="76" hits="60" branch="true" condition-coverage="100% (2/2)">
									<conditions>
										<condition number="0" type="jump" coverage="100%"/>
									</conditions>
								</line>
								<line number="77" hits="18" branch="false"/>
								<line number="78" hits="18" branch="false"/>
								<line number="79" hits="42" branch="true" condition-coverage="100% (2/2)">
									<conditions>
										<condition number="0" type="jump" coverage="100%"/>
									</conditions>
								</line>
								<line number="80" hits="26" branch="false"/>
								<line number="84" hits="6" branch="false"/>
								<line number="88" hits="40" branch="false"/>
								<line number="101" hits="11" branch="false"/>
								<line number="102" hits="55" branch="true" condition-coverage="100% (2/2)">
									<conditions>
										<condition number="0" type="jump" coverage="100%"/>
									</conditions>
								</line>
								<line number="103" hits="90" branch="true" condition-coverage="100% (2/2)">
									<conditions>
										<condition number="0" type="jump" coverage="100%"/>
									</conditions>
								</line>
								<line number="104" hits="14" branch="false"/>
								<line number="107" hits="30" branch="false"/>
								<line number="108" hits="30" branch="true" condition-coverage="100% (2/2)">
									<conditions>
										<condition number="0" type="jump" coverage="100%"/>
									</conditions>
								</line>
								<line number="109" hits="9" branch="false"/>
								<line number="110" hits="9" branch="false"/>
								<line number="111" hits="21" branch="true" condition-coverage="100% (2/2)">
									<conditions>
										<condition number="0" type="jump" coverage="100%"/>
									</conditions>
								</line>
								<line number="112" hits="13" branch="false"/>
								<line number="115" hits="30" branch="true" condition-coverage="100% (2/2)">
									<conditions>
										<condition number="0" type="jump" coverage="100%"/>
									</conditions>
								</line>
								<line number="116" hits="3" branch="false"/>
								<line number="118" hits="30" branch="false"/>
								<line number="119" hits="30" branch="true" condition-coverage="100% (2/2)">
									<conditions>
										<condition number="0" type="jump" coverage="100%"/>
									</conditions>
								</line>
								<line number="120" hits="20" branch="false"/>
								<line number="123" hits="11" branch="false"/>
							</lines>
						</method>
					</methods>
					<lines>
						<line number="13" hits="46" branch="false"/>
						<line number="14" hits="46" branch="false"/>
						<line number="15" hits="46" branch="false"/>
						<line number="16" hits="46" branch="true" condition-coverage="100% (2/2)">
							<conditions>
								<condition number="0" type="jump" coverage="100%"/>
							</conditions>
						</line>
						<line number="17" hits="4" branch="false"/>
						<line number="19" hits="42" branch="false"/>
						<line number="20" hits="42" branch="false"/>
						<line number="24" hits="24" branch="false"/>
						<line number="28" hits="23" branch="false"/>
						<line number="29" hits="33" branch="false"/>
						<line number="30" hits="33" branch="false"/>
						<line number="31" hits="55" branch="true" condition-coverage="100% (2/2)">
							<conditions>
								<condition number="0" type="jump" coverage="100%"/>
							</conditions>
						</line>
						<line number="32" hits="82" branch="true" condition-coverage="100% (2/2)">
							<conditions>
								<condition number="0" type="jump" coverage="100%"/>
							</conditions>
						</line>
						<line number="33" hits="116" branch="false"/>
						<line number="34" hits="79" branch="false"/>
						<line number="35" hits="21" branch="false"/>
						<line number="37" hits="10" branch="false"/>
						<line number="38" hits="10" branch="false"/>
						<line number="42" hits="12" branch="false"/>
						<line number="44" hits="2" branch="false"/>
						<line number="45" hits="10" branch="true" condition-coverage="100% (2/2)">
							<conditions>
								<condition number="0" type="jump" coverage="100%"/>
							</conditions>
						</line>
						<line number="46" hits="8" branch="false"/>
						<line number="49" hits="2" branch="false"/>
						<line number="50" hits="2" branch="false"/>
						<line number="51" hits="5" branch="false"/>
						<line number="52" hits="5" branch="false"/>
						<line number="53" hits="16" branch="true" condition-coverage="100% (2/2)">
							<conditions>
								<condition number="0" type="jump" coverage="100%"/>
							</conditions>
						</line>
						<line number="54" hits="40" branch="true" condition-coverage="100% (2/2)">
							<conditions>
								<condition number="0" type="jump" coverage="100%"/>
							</conditions>
						</line>
						<line number="55" hits="60" branch="false"/>
						<line number="56" hits="41" branch="true" condition-coverage="100% (2/2)">
							<conditions>
								<condition number="0" type="jump" coverage="100%"/>
							</conditions>
						</line>
						<line number="58" hits="10" branch="false"/>
						<line number="59" hits="35" branch="true" condition-coverage="100% (2/2)">
							<conditions>
								<condition number="0" type="jump" coverage="100%"/>
							</conditions>
						</line>
						<line number="60" hits="25" branch="false"/>
						<line number="62" hits="10" branch="false"/>
						<line number="64" hits="2" branch="false"/>
						<line number="68" hits="1" branch="false"/>
						<line number="69" hits="27" branch="true" condition-coverage="100% (2/2)">
							<conditions>
								<condition number="0" type="jump" coverage="100%"/>
							</conditions>
						</line>
						<line number="70" hits="114" branch="true" condition-coverage="100% (2/2)">
							<conditions>
								<condition number="0" type="jump" coverage="100%"/>
							</conditions>
						</line>
						<line number="71" hits="88" branch="true" condition-coverage="100% (2/2)">
							<conditions>
								<condition number="0" type="jump" coverage="100%"/>
							</conditions>
						</line>
						<line number="72" hits="29" branch="false"/>
						<line number="73" hits="1" branch="false"/>
						<line number="75" hits="60" branch="false"/>
						<line number="76" hits="60" branch="true" condition-coverage="100% (2/2)">
							<conditions>
								<condition number="0" type="jump" coverage="100%"/>
							</conditions>
						</line>
						<line number="77" hits="18" branch="false"/>
						<line number="78" hits="18" branch="false"/>
						<line number="79" hits="42" branch="true" condition-coverage="100% (2/2)">
							<conditions>
								<condition number="0" type="jump" coverage="100%"/>
							</conditions>
						</line>
						<line number="80" hits="26" branch="false"/>
						<line number="82" hits="1" branch="false"/>
						<line number="83" hits="66" branch="true" condition-coverage="100% (2/2)">
							<conditions>
								<condition number="0" type="jump" coverage="100%"/>
							</conditions>
						</line>
						<line number="84" hits="6" branch="false"/>
						<line number="85" hits="5" branch="false"/>
						<line number="86" hits="75" branch="true" condition-coverage="100% (2/2)">
							<conditions>
								<condition number="0" type="jump" coverage="100%"/>
							</conditions>
						</line>
						<line number="87" hits="70" branch="true" condition-coverage="100% (2/2)">
							<conditions>
								<condition number="0" type="jump" coverage="100%"/>
							</conditions>
						</line>
						<line number="88" hits="40" branch="false"/>
						<line number="89" hits="5" branch="false"/>
						<line number="91" hits="23" branch="false"/>
						<line number="95" hits="46" branch="false"/>
						<line number="96" hits="58" branch="true" condition-coverage="100% (2/2)">
							<conditions>
								<condition number="0" type="jump" coverage="100%"/>
							</conditions>
						</line>
						<line number="97" hits="54" branch="true" condition-coverage="100% (2/2)">
							<conditions>
								<condition number="0" type="jump" coverage="100%"/>
							</conditions>
						</line>
						<line number="98" hits="42" branch="false"/>
						<line number="100" hits="12" branch="false"/>
						<line number="101" hits="11" branch="false"/>
						<line number="102" hits="55" branch="true" condition-coverage="100% (2/2)">
							<conditions>
								<condition number="0" type="jump" coverage="100%"/>
							</conditions>
						</line>
						<line number="103" hits="90" branch="true" condition-coverage="100% (2/2)">
							<conditions>
								<condition number="0" type="jump" coverage="100%"/>
							</conditions>
						</line>
						<line number="104" hits="14" branch="false"/>
						<line number="107" hits="30" branch="false"/>
						<line number="108" hits="30" branch="true" condition-coverage="100% (2/2)">
							<conditions>
								<condition number="0" type="jump" coverage="100%"/>
							</conditions>
						</line>
						<line number="109" hits="9" branch="false"/>
						<line number="110" hits="9" branch="false"/>
						<line number="111" hits="21" branch="true" condition-coverage="100% (2/2)">
							<conditions>
								<condition number="0" type="jump" coverage="100%"/>
							</conditions>
						</line>
						<line number="112" hits="13" branch="false"/>
						<line number="115" hits="30" branch="true" condition-coverage="100% (2/2)">
							<conditions>
								<condition number="0" type="jump" coverage="100%"/>
							</conditions>
						</line>
						<line number="116" hits="3" branch="false"/>
						<line number="118" hits="30" branch="false"/>
						<line number="119" hits="30" branch="true" condition-coverage="100% (2/2)">
							<conditions>
								<condition number="0" type="jump" coverage="100%"/>
							</conditions>
						</line>
						<line number="120" hits="20" branch="false"/>
						<line number="123" hits="11" branch="false"/>
						<line number="132" hits="23" branch="false"/>
						<line number="133" hits="29" branch="true" condition-coverage="100% (2/2)">
							<conditions>
								<condition number="0" type="jump" coverage="100%"/>
							</conditions>
						</line>
						<line number="134" hits="27" branch="true" condition-coverage="100% (2/2)">
							<conditions>
								<condition number="0" type="jump" coverage="100%"/>
							</conditions>
						</line>
						<line number="135" hits="21" branch="false"/>
						<line number="137" hits="6" branch="false"/>
						<line number="140" hits="23" branch="false"/>
					</lines>
				</class>
				<class name="hr.fer.zemris.java.fractals.complex.ComplexRootedPolynomial" filename="hr/fer/zemris/java/fractals/complex/ComplexRootedPolynomial.java" line-rate="1.0" branch-rate="1.0" complexity="2.6">
					<methods>
						<method name="&lt;init&gt;" signature="([Lhr/fer/zemris/java/fractals/complex/Complex;)V" line-rate="1.0" branch-rate="1.0" complexity="0">
							<lines>
								<line number="10" hits="3" branch="false"/>
								<line number="11" hits="3" branch="true" condition-coverage="100% (2/2)">
									<conditions>
										<condition number="0" type="jump" coverage="100%"/>
									</conditions>
								</line>
								<line number="12" hits="1" branch="false"/>
								<line number="14" hits="2" branch="false"/>
								<line number="15" hits="2" branch="false"/>
								<line number="21" hits="6" branch="false"/>
								<line number="22" hits="2" branch="true" condition-coverage="100% (2/2)">
									<conditions>
										<condition number="0" type="jump" coverage="100%"/>
									</conditions>
								</line>
								<line number="23" hits="1" branch="false"/>
								<line number="25" hits="1" branch="false"/>
								<line number="26" hits="1" branch="false"/>
							</lines>
						</method>
						<method name="apply" signature="(Lhr/fer/zemris/java/fractals/complex/Complex;)Lhr/fer/zemris/java/fractals/complex/Complex;" line-rate="1.0" branch-rate="1.0" complexity="0">
							<lines>
								<line number="19" hits="1" branch="false"/>
								<line number="20" hits="5" branch="true" condition-coverage="100% (2/2)">
									<conditions>
										<condition number="0" type="jump" coverage="100%"/>
									</conditions>
								</line>
								<line number="24" hits="1" branch="false"/>
								<line number="34" hits="1" branch="false"/>
								<line number="35" hits="5" branch="true" condition-coverage="100% (2/2)">
									<conditions>
										<condition number="0" type="jump" coverage="100%"/>
									</conditions>
								</line>
								<line number="36" hits="4" branch="false"/>
								<line number="39" hits="2" branch="false"/>
							</lines>
						</method>
						<method name="indexOfClosestRootFor" signature="(Lhr/fer/zemris/java/fractals/complex/Complex;D)I" line-rate="1.0" branch-rate="1.0" complexity="0">
							<lines>
								<line number="51" hits="1" branch="false"/>
								<line number="53" hits="5" branch="true" condition-coverage="100% (2/2)">
									<conditions>
										<condition number="0" type="jump" coverage="100%"/>
									</conditions>
								</line>
								<line number="54" hits="4" branch="false"/>
								<line number="55" hits="4" branch="true" condition-coverage="100% (2/2)">
									<conditions>
										<condition number="0" type="jump" coverage="100%"/>
									</conditions>
								</line>
								<line number="56" hits="2" branch="false"/>
								<line number="57" hits="2" branch="false"/>
								<line number="58" hits="5" branch="true" condition-coverage="100% (2/2)">
									<conditions>
										<condition number="0" type="jump" coverage="100%"/>
									</conditions>
								</line>
								<line number="59" hits="4" branch="false"/>
								<line number="60" hits="4" branch="true" condition-coverage="100% (2/2)">
									<conditions>
										<condition number="0" type="jump" coverage="100%"/>
									</conditions>
								</line>
								<line number="61" hits="2" branch="false"/>
								<line number="83" hits="1" branch="false"/>
								<line number="84" hits="1" branch="false"/>
								<line number="85" hits="5" branch="true" condition-coverage="100% (2/2)">
									<conditions>
										<condition number="0" type="jump" coverage="100%"/>
									</conditions>
								</line>
								<line number="86" hits="4" branch="false"/>
								<line number="87" hits="4" branch="true" condition-coverage="100% (2/2)">
									<conditions>
										<condition number="0" type="jump" coverage="100%"/>
									</conditions>
								</line>
								<line number="88" hits="1" branch="false"/>
								<line number="89" hits="1" branch="false"/>
								<line number="93" hits="1" branch="false"/>
							</lines>
						</method>
						<method name="toComplexPolynom" signature="()Lhr/fer/zemris/java/fractals/complex/ComplexPolynomial;" line-rate="1.0" branch-rate="1.0" complexity="0">
							<lines>
								<line number="29" hits="2" branch="false"/>
								<line number="30" hits="10" branch="true" condition-coverage="100% (2/2)">
									<conditions>
										<condition number="0" type="jump" coverage="100%"/>
									</conditions>
								</line>
								<line number="31" hits="8" branch="false"/>
								<line number="33" hits="2" branch="false"/>
								<line number="47" hits="1" branch="false"/>
								<line number="48" hits="5" branch="true" condition-coverage="100% (2/2)">
									<conditions>
										<condition number="0" type="jump" coverage="100%"/>
									</conditions>
								</line>
								<line number="49" hits="5" branch="false"/>
								<line number="50" hits="4" branch="false"/>
								<line number="52" hits="2" branch="false"/>
							</lines>
						</method>
						<method name="toString" signature="()Ljava/lang/String;" line-rate="1.0" branch-rate="1.0" complexity="0">
							<lines>
								<line number="38" hits="1" branch="false"/>
								<line number="40" hits="5" branch="true" condition-coverage="100% (2/2)">
									<conditions>
										<condition number="0" type="jump" coverage="100%"/>
									</conditions>
								</line>
								<line number="41" hits="4" branch="false"/>
								<line number="42" hits="4" branch="false"/>
								<line number="43" hits="4" branch="true" condition-coverage="100% (2/2)">
									<conditions>
										<condition number="0" type="jump" coverage="100%"/>
									</conditions>
								</line>
								<line number="44" hits="2" branch="false"/>
								<line number="46" hits="4" branch="false"/>
								<line number="62" hits="2" branch="false"/>
								<line number="63" hits="1" branch="false"/>
								<line number="64" hits="5" branch="true" condition-coverage="100% (2/2)">
									<conditions>
										<condition number="0" type="jump" coverage="100%"/>
									</conditions>
								</line>
								<line number="65" hits="4" branch="false"/>
								<line number="66" hits="5" branch="false"/>
								<line number="67" hits="4" branch="true" condition-coverage="100% (2/2)">
									<conditions>
										<condition number="0" type="jump" coverage="100%"/>
									</conditions>
								</line>
								<line number="68" hits="2" branch="false"/>
								<line number="70" hits="4" branch="false"/>
								<line number="73" hits="1" branch="false"/>
							</lines>
						</method>
					</methods>
					<lines>
						<line number="10" hits="3" branch="false"/>
						<line number="11" hits="3" branch="true" condition-coverage="100% (2/2)">
							<conditions>
								<condition number="0" type="jump" coverage="100%"/>
							</conditions>
						</line>
						<line number="12" hits="1" branch="false"/>
						<line number="14" hits="2" branch="false"/>
						<line number="15" hits="2" branch="false"/>
						<line number="19" hits="1" branch="false"/>
						<line number="20" hits="5" branch="true" condition-coverage="100% (2/2)">
							<conditions>
								<condition number="0" type="jump" coverage="100%"/>
							</conditions>
						</line>
						<line number="21" hits="6" branch="false"/>
						<line number="22" hits="2" branch="true" condition-coverage="100% (2/2)">
							<conditions>
								<condition number="0" type="jump" coverage="100%"/>
							</conditions>
						</line>
						<line number="23" hits="1" branch="false"/>
						<line number="24" hits="1" branch="false"/>
						<line number="25" hits="1" branch="false"/>
						<line number="26" hits="1" branch="false"/>
						<line number="29" hits="2" branch="false"/>
						<line number="30" hits="10" branch="true" condition-coverage="100% (2/2)">
							<conditions>
								<condition number="0" type="jump" coverage="100%"/>
							</conditions>
						</line>
						<line number="31" hits="8" branch="false"/>
						<line number="33" hits="2" branch="false"/>
						<line number="34" hits="1" branch="false"/>
						<line number="35" hits="5" branch="true" condition-coverage="100% (2/2)">
							<conditions>
								<condition number="0" type="jump" coverage="100%"/>
							</conditions>
						</line>
						<line number="36" hits="4" branch="false"/>
						<line number="38" hits="1" branch="false"/>
						<line number="39" hits="2" branch="false"/>
						<line number="40" hits="5" branch="true" condition-coverage="100% (2/2)">
							<conditions>
								<condition number="0" type="jump" coverage="100%"/>
							</conditions>
						</line>
						<line number="41" hits="4" branch="false"/>
						<line number="42" hits="4" branch="false"/>
						<line number="43" hits="4" branch="true" condition-coverage="100% (2/2)">
							<conditions>
								<condition number="0" type="jump" coverage="100%"/>
							</conditions>
						</line>
						<line number="44" hits="2" branch="false"/>
						<line number="46" hits="4" branch="false"/>
						<line number="47" hits="1" branch="false"/>
						<line number="48" hits="5" branch="true" condition-coverage="100% (2/2)">
							<conditions>
								<condition number="0" type="jump" coverage="100%"/>
							</conditions>
						</line>
						<line number="49" hits="5" branch="false"/>
						<line number="50" hits="4" branch="false"/>
						<line number="51" hits="1" branch="false"/>
						<line number="52" hits="2" branch="false"/>
						<line number="53" hits="5" branch="true" condition-coverage="100% (2/2)">
							<conditions>
								<condition number="0" type="jump" coverage="100%"/>
							</conditions>
						</line>
						<line number="54" hits="4" branch="false"/>
						<line number="55" hits="4" branch="true" condition-coverage="100% (2/2)">
							<conditions>
								<condition number="0" type="jump" coverage="100%"/>
							</conditions>
						</line>
						<line number="56" hits="2" branch="false"/>
						<line number="57" hits="2" branch="false"/>
						<line number="58" hits="5" branch="true" condition-coverage="100% (2/2)">
							<conditions>
								<condition number="0" type="jump" coverage="100%"/>
							</conditions>
						</line>
						<line number="59" hits="4" branch="false"/>
						<line number="60" hits="4" branch="true" condition-coverage="100% (2/2)">
							<conditions>
								<condition number="0" type="jump" coverage="100%"/>
							</conditions>
						</line>
						<line number="61" hits="2" branch="false"/>
						<line number="62" hits="2" branch="false"/>
						<line number="63" hits="1" branch="false"/>
						<line number="64" hits="5" branch="true" condition-coverage="100% (2/2)">
							<conditions>
								<condition number="0" type="jump" coverage="100%"/>
							</conditions>
						</line>
						<line number="65" hits="4" branch="false"/>
						<line number="66" hits="5" branch="false"/>
						<line number="67" hits="4" branch="true" condition-coverage="100% (2/2)">
							<conditions>
								<condition number="0" type="jump" coverage="100%"/>
							</conditions>
						</line>
						<line number="68" hits="2" branch="false"/>
						<line number="70" hits="4" branch="false"/>
						<line number="73" hits="1" branch="false"/>
						<line number="83" hits="1" branch="false"/>
						<line number="84" hits="1" branch="false"/>
						<line number="85" hits="5" branch="true" condition-coverage="100% (2/2)">
							<conditions>
								<condition number="0" type="jump" coverage="100%"/>
							</conditions>
						</line>
						<line number="86" hits="4" branch="false"/>
						<line number="87" hits="4" branch="true" condition-coverage="100% (2/2)">
							<conditions>
								<condition number="0" type="jump" coverage="100%"/>
							</conditions>
						</line>
						<line number="88" hits="1" branch="false"/>
						<line number="89" hits="1" branch="false"/>
						<line number="93" hits="1" branch="false"/>
					</lines>
				</class>
			</classes>
		</package>
		<package name="hr.fer.zemris.java.fractals.threads" line-rate="0.0" branch-rate="1.0" complexity="1.0">
			<classes>
				<class name="hr.fer.zemris.java.fractals.threads.DaemonicThreadFactory" filename="hr/fer/zemris/java/fractals/threads/DaemonicThreadFactory.java" line-rate="0.0" branch-rate="1.0" complexity="1.0">
					<methods>
						<method name="&lt;init&gt;" signature="()V" line-rate="0.0" branch-rate="1.0" complexity="0">
							<lines>
								<line number="5" hits="0" branch="false"/>
								<line number="11" hits="0" branch="false"/>
							</lines>
						</method>
						<method name="newThread" signature="(Ljava/lang/Runnable;)Ljava/lang/Thread;" line-rate="0.0" branch-rate="1.0" complexity="0">
							<lines>
								<line number="9" hits="0" branch="false"/>
								<line number="10" hits="0" branch="false"/>
								<line number="20" hits="0" branch="false"/>
								<line number="21" hits="0" branch="false"/>
								<line number="22" hits="0" branch="false"/>
							</lines>
						</method>
					</methods>
					<lines>
						<line number="5" hits="0" branch="false"/>
						<line number="9" hits="0" branch="false"/>
						<line number="10" hits="0" branch="false"/>
						<line number="11" hits="0" branch="false"/>
						<line number="20" hits="0" branch="false"/>
						<line number="21" hits="0" branch="false"/>
						<line number="22" hits="0" branch="false"/>
					</lines>
				</class>
			</classes>
		</package>
	</packages>
</coverage>
