<?xml version="1.0" encoding="UTF-8" ?>
<testsuite tests="50" failures="0" name="hr.fer.zemris.java.custom.scripting.exec.ValueWrapperTest" time="0.015" errors="0" skipped="0">
  <properties>
[...]
</properties>
  <testcase classname="hr.fer.zemris.java.custom.scripting.exec.ValueWrapperTest" name="decrementIntegerWithInteger" time="0"/>
  <testcase classname="hr.fer.zemris.java.custom.scripting.exec.ValueWrapperTest" name="multiplyIntegerWithInteger" time="0"/>
  <testcase classname="hr.fer.zemris.java.custom.scripting.exec.ValueWrapperTest" name="decrementIntegerWithDouble" time="0"/>
  <testcase classname="hr.fer.zemris.java.custom.scripting.exec.ValueWrapperTest" name="multiplyStringDoubleWithStringDouble" time="0"/>
  <testcase classname="hr.fer.zemris.java.custom.scripting.exec.ValueWrapperTest" name="divideDoubleWithStringDouble" time="0.002"/>
  <testcase classname="hr.fer.zemris.java.custom.scripting.exec.ValueWrapperTest" name="changeValue" time="0.001"/>
  <testcase classname="hr.fer.zemris.java.custom.scripting.exec.ValueWrapperTest" name="incrementIntegerWithStringDouble" time="0.001"/>
  <testcase classname="hr.fer.zemris.java.custom.scripting.exec.ValueWrapperTest" name="operateWithIllegalObject" time="0.001"/>
  <testcase classname="hr.fer.zemris.java.custom.scripting.exec.ValueWrapperTest" name="incrementStringDoubleWithStringInteger" time="0.001"/>
  <testcase classname="hr.fer.zemris.java.custom.scripting.exec.ValueWrapperTest" name="decrementDoubleWithDouble" time="0"/>
  <testcase classname="hr.fer.zemris.java.custom.scripting.exec.ValueWrapperTest" name="incrementIntegerWithInteger" time="0"/>
  <testcase classname="hr.fer.zemris.java.custom.scripting.exec.ValueWrapperTest" name="divideDoubleWithDouble" time="0.001"/>
  <testcase classname="hr.fer.zemris.java.custom.scripting.exec.ValueWrapperTest" name="multiplyStringDoubleWithStringInteger" time="0"/>
  <testcase classname="hr.fer.zemris.java.custom.scripting.exec.ValueWrapperTest" name="divideIntegerWithDouble" time="0"/>
  <testcase classname="hr.fer.zemris.java.custom.scripting.exec.ValueWrapperTest" name="incrementDoubleWithStringDouble" time="0"/>
  <testcase classname="hr.fer.zemris.java.custom.scripting.exec.ValueWrapperTest" name="decrementStringIntegerWithStringInteger" time="0"/>
  <testcase classname="hr.fer.zemris.java.custom.scripting.exec.ValueWrapperTest" name="multiplyStringIntegerWithStringInteger" time="0"/>
  <testcase classname="hr.fer.zemris.java.custom.scripting.exec.ValueWrapperTest" name="multiplyDoubleWithStringInteger" time="0"/>
  <testcase classname="hr.fer.zemris.java.custom.scripting.exec.ValueWrapperTest" name="multiplyIntegerWithDouble" time="0.001"/>
  <testcase classname="hr.fer.zemris.java.custom.scripting.exec.ValueWrapperTest" name="divideStringDoubleWithStringDouble" time="0"/>
  <testcase classname="hr.fer.zemris.java.custom.scripting.exec.ValueWrapperTest" name="decrementStringDoubleWithStringDouble" time="0"/>
  <testcase classname="hr.fer.zemris.java.custom.scripting.exec.ValueWrapperTest" name="multiplyIntegerWithStringDouble" time="0"/>
  <testcase classname="hr.fer.zemris.java.custom.scripting.exec.ValueWrapperTest" name="multiplyDoubleWithStringDouble" time="0"/>
  <testcase classname="hr.fer.zemris.java.custom.scripting.exec.ValueWrapperTest" name="multiplyDoubleWithDouble" time="0"/>
  <testcase classname="hr.fer.zemris.java.custom.scripting.exec.ValueWrapperTest" name="divideDoubleWithStringInteger" time="0.001"/>
  <testcase classname="hr.fer.zemris.java.custom.scripting.exec.ValueWrapperTest" name="decrementIntegerWithStringInteger" time="0"/>
  <testcase classname="hr.fer.zemris.java.custom.scripting.exec.ValueWrapperTest" name="operationWithNull" time="0"/>
  <testcase classname="hr.fer.zemris.java.custom.scripting.exec.ValueWrapperTest" name="decrementStringDoubleWithStringInteger" time="0.001"/>
  <testcase classname="hr.fer.zemris.java.custom.scripting.exec.ValueWrapperTest" name="decrementDoubleWithStringInteger" time="0"/>
  <testcase classname="hr.fer.zemris.java.custom.scripting.exec.ValueWrapperTest" name="divideStringIntegerWithStringInteger" time="0"/>
  <testcase classname="hr.fer.zemris.java.custom.scripting.exec.ValueWrapperTest" name="incrementDoubleWithDouble" time="0"/>
  <testcase classname="hr.fer.zemris.java.custom.scripting.exec.ValueWrapperTest" name="divideIntegerWithStringDouble" time="0"/>
  <testcase classname="hr.fer.zemris.java.custom.scripting.exec.ValueWrapperTest" name="incrementStringIntegerWithStringInteger" time="0"/>
  <testcase classname="hr.fer.zemris.java.custom.scripting.exec.ValueWrapperTest" name="failParseDouble1" time="0.001"/>
  <testcase classname="hr.fer.zemris.java.custom.scripting.exec.ValueWrapperTest" name="failParseDouble2" time="0"/>
  <testcase classname="hr.fer.zemris.java.custom.scripting.exec.ValueWrapperTest" name="divideIntegerWithStringInteger" time="0.001"/>
  <testcase classname="hr.fer.zemris.java.custom.scripting.exec.ValueWrapperTest" name="failParseInteger" time="0.001"/>
  <testcase classname="hr.fer.zemris.java.custom.scripting.exec.ValueWrapperTest" name="decrementIntegerWithStringDouble" time="0"/>
  <testcase classname="hr.fer.zemris.java.custom.scripting.exec.ValueWrapperTest" name="compareWithSmallerValue" time="0"/>
  <testcase classname="hr.fer.zemris.java.custom.scripting.exec.ValueWrapperTest" name="incrementIntegerWithDouble" time="0.001"/>
  <testcase classname="hr.fer.zemris.java.custom.scripting.exec.ValueWrapperTest" name="multiplyIntegerWithStringInteger" time="0"/>
  <testcase classname="hr.fer.zemris.java.custom.scripting.exec.ValueWrapperTest" name="incrementIntegerWithStringInteger" time="0"/>
  <testcase classname="hr.fer.zemris.java.custom.scripting.exec.ValueWrapperTest" name="decrementDoubleWithStringDouble" time="0"/>
  <testcase classname="hr.fer.zemris.java.custom.scripting.exec.ValueWrapperTest" name="incrementStringDoubleWithStringDouble" time="0"/>
  <testcase classname="hr.fer.zemris.java.custom.scripting.exec.ValueWrapperTest" name="divideStringDoubleWithStringInteger" time="0"/>
  <testcase classname="hr.fer.zemris.java.custom.scripting.exec.ValueWrapperTest" name="divideWithZero" time="0"/>
  <testcase classname="hr.fer.zemris.java.custom.scripting.exec.ValueWrapperTest" name="compareWithEqualValue" time="0"/>
  <testcase classname="hr.fer.zemris.java.custom.scripting.exec.ValueWrapperTest" name="divideIntegerWithInteger" time="0"/>
  <testcase classname="hr.fer.zemris.java.custom.scripting.exec.ValueWrapperTest" name="compareWithGreaterValue" time="0.001"/>
  <testcase classname="hr.fer.zemris.java.custom.scripting.exec.ValueWrapperTest" name="incrementDoubleWithStringInteger" time="0"/>
</testsuite>