<?xml version="1.0"?>
<!DOCTYPE coverage SYSTEM "http://cobertura.sourceforge.net/xml/coverage-04.dtd">

<coverage line-rate="0.7619047619047619" branch-rate="0.975609756097561" lines-covered="96" lines-valid="126" branches-covered="40" branches-valid="41" complexity="2.5" version="2.1.1" timestamp="1429911824452">
	<sources>
		<source>--source</source>
		<source>/home/luka/MEGA/FER/Vjestine/Java/workspace/Multistack/src/main/java</source>
		<source>/home/luka/MEGA/FER/Vjestine/Java/workspace/Multistack/target/generated-sources/annotations</source>
	</sources>
	<packages>
		<package name="hr.fer.zemris.java.custom.scripting.demo" line-rate="0.0" branch-rate="1.0" complexity="1.0">
			<classes>
				<class name="hr.fer.zemris.java.custom.scripting.demo.ObjectMultistackDemo" filename="hr/fer/zemris/java/custom/scripting/demo/ObjectMultistackDemo.java" line-rate="0.0" branch-rate="1.0" complexity="1.0">
					<methods>
						<method name="&lt;init&gt;" signature="()V" line-rate="0.0" branch-rate="1.0" complexity="0">
							<lines>
								<line number="6" hits="0" branch="false"/>
							</lines>
						</method>
						<method name="main" signature="([Ljava/lang/String;)V" line-rate="0.0" branch-rate="1.0" complexity="0">
							<lines>
								<line number="8" hits="0" branch="false"/>
								<line number="9" hits="0" branch="false"/>
								<line number="10" hits="0" branch="false"/>
								<line number="11" hits="0" branch="false"/>
								<line number="12" hits="0" branch="false"/>
								<line number="13" hits="0" branch="false"/>
								<line number="14" hits="0" branch="false"/>
								<line number="15" hits="0" branch="false"/>
								<line number="16" hits="0" branch="false"/>
								<line number="17" hits="0" branch="false"/>
								<line number="18" hits="0" branch="false"/>
								<line number="19" hits="0" branch="false"/>
								<line number="20" hits="0" branch="false"/>
								<line number="21" hits="0" branch="false"/>
								<line number="22" hits="0" branch="false"/>
								<line number="23" hits="0" branch="false"/>
								<line number="24" hits="0" branch="false"/>
								<line number="25" hits="0" branch="false"/>
								<line number="26" hits="0" branch="false"/>
								<line number="27" hits="0" branch="false"/>
								<line number="28" hits="0" branch="false"/>
								<line number="29" hits="0" branch="false"/>
								<line number="30" hits="0" branch="false"/>
								<line number="31" hits="0" branch="false"/>
								<line number="32" hits="0" branch="false"/>
								<line number="33" hits="0" branch="false"/>
								<line number="34" hits="0" branch="false"/>
								<line number="35" hits="0" branch="false"/>
								<line number="36" hits="0" branch="false"/>
							</lines>
						</method>
					</methods>
					<lines>
						<line number="6" hits="0" branch="false"/>
						<line number="8" hits="0" branch="false"/>
						<line number="9" hits="0" branch="false"/>
						<line number="10" hits="0" branch="false"/>
						<line number="11" hits="0" branch="false"/>
						<line number="12" hits="0" branch="false"/>
						<line number="13" hits="0" branch="false"/>
						<line number="14" hits="0" branch="false"/>
						<line number="15" hits="0" branch="false"/>
						<line number="16" hits="0" branch="false"/>
						<line number="17" hits="0" branch="false"/>
						<line number="18" hits="0" branch="false"/>
						<line number="19" hits="0" branch="false"/>
						<line number="20" hits="0" branch="false"/>
						<line number="21" hits="0" branch="false"/>
						<line number="22" hits="0" branch="false"/>
						<line number="23" hits="0" branch="false"/>
						<line number="24" hits="0" branch="false"/>
						<line number="25" hits="0" branch="false"/>
						<line number="26" hits="0" branch="false"/>
						<line number="27" hits="0" branch="false"/>
						<line number="28" hits="0" branch="false"/>
						<line number="29" hits="0" branch="false"/>
						<line number="30" hits="0" branch="false"/>
						<line number="31" hits="0" branch="false"/>
						<line number="32" hits="0" branch="false"/>
						<line number="33" hits="0" branch="false"/>
						<line number="34" hits="0" branch="false"/>
						<line number="35" hits="0" branch="false"/>
						<line number="36" hits="0" branch="false"/>
					</lines>
				</class>
			</classes>
		</package>
		<package name="hr.fer.zemris.java.custom.scripting.exec" line-rate="1.0" branch-rate="0.975609756097561" complexity="2.5714285714285716">
			<classes>
				<class name="hr.fer.zemris.java.custom.scripting.exec.ObjectMultistack" filename="hr/fer/zemris/java/custom/scripting/exec/ObjectMultistack.java" line-rate="1.0" branch-rate="1.0" complexity="1.9">
					<methods>
						<method name="&lt;init&gt;" signature="()V" line-rate="1.0" branch-rate="1.0" complexity="0">
							<lines>
								<line number="11" hits="9" branch="false"/>
								<line number="12" hits="9" branch="false"/>
								<line number="13" hits="9" branch="false"/>
							</lines>
						</method>
						<method name="checkForEmptyStack" signature="(Ljava/lang/String;)V" line-rate="1.0" branch-rate="1.0" complexity="0">
							<lines>
								<line number="26" hits="8" branch="false"/>
								<line number="27" hits="8" branch="true" condition-coverage="100% (2/2)">
									<conditions>
										<condition number="0" type="jump" coverage="100%"/>
									</conditions>
								</line>
								<line number="28" hits="1" branch="false"/>
								<line number="30" hits="7" branch="false"/>
							</lines>
						</method>
						<method name="isEmpty" signature="(Ljava/lang/String;)Z" line-rate="1.0" branch-rate="1.0" complexity="0">
							<lines>
								<line number="63" hits="3" branch="false"/>
								<line number="64" hits="3" branch="true" condition-coverage="100% (2/2)">
									<conditions>
										<condition number="0" type="jump" coverage="100%"/>
									</conditions>
								</line>
							</lines>
						</method>
						<method name="peek" signature="(Ljava/lang/String;)Lhr/fer/zemris/java/custom/scripting/exec/ValueWrapper;" line-rate="1.0" branch-rate="1.0" complexity="0">
							<lines>
								<line number="53" hits="3" branch="false"/>
								<line number="54" hits="2" branch="false"/>
								<line number="56" hits="1" branch="false"/>
								<line number="57" hits="5" branch="true" condition-coverage="100% (2/2)">
									<conditions>
										<condition number="0" type="jump" coverage="100%"/>
									</conditions>
								</line>
								<line number="59" hits="1" branch="false"/>
							</lines>
						</method>
						<method name="pop" signature="(Ljava/lang/String;)Lhr/fer/zemris/java/custom/scripting/exec/ValueWrapper;" line-rate="1.0" branch-rate="1.0" complexity="0">
							<lines>
								<line number="33" hits="7" branch="false"/>
								<line number="34" hits="6" branch="false"/>
								<line number="36" hits="6" branch="false"/>
								<line number="37" hits="6" branch="false"/>
								<line number="38" hits="34" branch="true" condition-coverage="100% (2/2)">
									<conditions>
										<condition number="0" type="jump" coverage="100%"/>
									</conditions>
								</line>
								<line number="39" hits="14" branch="false"/>
								<line number="41" hits="6" branch="false"/>
								<line number="43" hits="6" branch="true" condition-coverage="100% (2/2)">
									<conditions>
										<condition number="0" type="jump" coverage="100%"/>
									</conditions>
								</line>
								<line number="44" hits="1" branch="false"/>
								<line number="46" hits="5" branch="false"/>
								<line number="49" hits="6" branch="false"/>
							</lines>
						</method>
						<method name="push" signature="(Ljava/lang/String;Lhr/fer/zemris/java/custom/scripting/exec/ValueWrapper;)V" line-rate="1.0" branch-rate="1.0" complexity="0">
							<lines>
								<line number="16" hits="17" branch="false"/>
								<line number="17" hits="16" branch="false"/>
								<line number="18" hits="16" branch="true" condition-coverage="100% (2/2)">
									<conditions>
										<condition number="0" type="jump" coverage="100%"/>
									</conditions>
								</line>
								<line number="19" hits="12" branch="false"/>
								<line number="21" hits="4" branch="false"/>
								<line number="23" hits="16" branch="false"/>
							</lines>
						</method>
						<method name="validateKey" signature="(Ljava/lang/String;)V" line-rate="1.0" branch-rate="1.0" complexity="0">
							<lines>
								<line number="90" hits="38" branch="true" condition-coverage="100% (2/2)">
									<conditions>
										<condition number="0" type="jump" coverage="100%"/>
									</conditions>
								</line>
								<line number="91" hits="3" branch="false"/>
								<line number="93" hits="35" branch="false"/>
							</lines>
						</method>
					</methods>
					<lines>
						<line number="11" hits="9" branch="false"/>
						<line number="12" hits="9" branch="false"/>
						<line number="13" hits="9" branch="false"/>
						<line number="16" hits="17" branch="false"/>
						<line number="17" hits="16" branch="false"/>
						<line number="18" hits="16" branch="true" condition-coverage="100% (2/2)">
							<conditions>
								<condition number="0" type="jump" coverage="100%"/>
							</conditions>
						</line>
						<line number="19" hits="12" branch="false"/>
						<line number="21" hits="4" branch="false"/>
						<line number="23" hits="16" branch="false"/>
						<line number="26" hits="8" branch="false"/>
						<line number="27" hits="8" branch="true" condition-coverage="100% (2/2)">
							<conditions>
								<condition number="0" type="jump" coverage="100%"/>
							</conditions>
						</line>
						<line number="28" hits="1" branch="false"/>
						<line number="30" hits="7" branch="false"/>
						<line number="33" hits="7" branch="false"/>
						<line number="34" hits="6" branch="false"/>
						<line number="36" hits="6" branch="false"/>
						<line number="37" hits="6" branch="false"/>
						<line number="38" hits="34" branch="true" condition-coverage="100% (2/2)">
							<conditions>
								<condition number="0" type="jump" coverage="100%"/>
							</conditions>
						</line>
						<line number="39" hits="14" branch="false"/>
						<line number="41" hits="6" branch="false"/>
						<line number="43" hits="6" branch="true" condition-coverage="100% (2/2)">
							<conditions>
								<condition number="0" type="jump" coverage="100%"/>
							</conditions>
						</line>
						<line number="44" hits="1" branch="false"/>
						<line number="46" hits="5" branch="false"/>
						<line number="49" hits="6" branch="false"/>
						<line number="53" hits="3" branch="false"/>
						<line number="54" hits="2" branch="false"/>
						<line number="56" hits="1" branch="false"/>
						<line number="57" hits="5" branch="true" condition-coverage="100% (2/2)">
							<conditions>
								<condition number="0" type="jump" coverage="100%"/>
							</conditions>
						</line>
						<line number="59" hits="1" branch="false"/>
						<line number="63" hits="3" branch="false"/>
						<line number="64" hits="3" branch="true" condition-coverage="100% (2/2)">
							<conditions>
								<condition number="0" type="jump" coverage="100%"/>
							</conditions>
						</line>
						<line number="90" hits="38" branch="true" condition-coverage="100% (2/2)">
							<conditions>
								<condition number="0" type="jump" coverage="100%"/>
							</conditions>
						</line>
						<line number="91" hits="3" branch="false"/>
						<line number="93" hits="35" branch="false"/>
					</lines>
				</class>
				<class name="hr.fer.zemris.java.custom.scripting.exec.ObjectMultistack$MultistackEntry" filename="hr/fer/zemris/java/custom/scripting/exec/ObjectMultistack.java" line-rate="1.0" branch-rate="1.0" complexity="1.9">
					<methods>
						<method name="&lt;init&gt;" signature="(Lhr/fer/zemris/java/custom/scripting/exec/ValueWrapper;)V" line-rate="1.0" branch-rate="1.0" complexity="0">
							<lines>
								<line number="72" hits="16" branch="false"/>
								<line number="73" hits="16" branch="false"/>
								<line number="74" hits="16" branch="false"/>
							</lines>
						</method>
						<method name="access$000" signature="(Lhr/fer/zemris/java/custom/scripting/exec/ObjectMultistack$MultistackEntry;)Lhr/fer/zemris/java/custom/scripting/exec/ObjectMultistack$MultistackEntry;" line-rate="1.0" branch-rate="1.0" complexity="0">
							<lines>
							</lines>
						</method>
						<method name="access$002" signature="(Lhr/fer/zemris/java/custom/scripting/exec/ObjectMultistack$MultistackEntry;Lhr/fer/zemris/java/custom/scripting/exec/ObjectMultistack$MultistackEntry;)Lhr/fer/zemris/java/custom/scripting/exec/ObjectMultistack$MultistackEntry;" line-rate="1.0" branch-rate="1.0" complexity="0">
							<lines>
								<line number="67" hits="48" branch="false"/>
							</lines>
						</method>
						<method name="append" signature="(Lhr/fer/zemris/java/custom/scripting/exec/ObjectMultistack$MultistackEntry;)V" line-rate="1.0" branch-rate="1.0" complexity="0">
							<lines>
								<line number="77" hits="30" branch="true" condition-coverage="100% (2/2)">
									<conditions>
										<condition number="0" type="jump" coverage="100%"/>
									</conditions>
								</line>
								<line number="78" hits="12" branch="false"/>
								<line number="80" hits="18" branch="false"/>
								<line number="82" hits="30" branch="false"/>
							</lines>
						</method>
						<method name="getValue" signature="()Lhr/fer/zemris/java/custom/scripting/exec/ValueWrapper;" line-rate="1.0" branch-rate="1.0" complexity="0">
							<lines>
								<line number="85" hits="7" branch="false"/>
							</lines>
						</method>
					</methods>
					<lines>
						<line number="67" hits="48" branch="false"/>
						<line number="72" hits="16" branch="false"/>
						<line number="73" hits="16" branch="false"/>
						<line number="74" hits="16" branch="false"/>
						<line number="77" hits="30" branch="true" condition-coverage="100% (2/2)">
							<conditions>
								<condition number="0" type="jump" coverage="100%"/>
							</conditions>
						</line>
						<line number="78" hits="12" branch="false"/>
						<line number="80" hits="18" branch="false"/>
						<line number="82" hits="30" branch="false"/>
						<line number="85" hits="7" branch="false"/>
					</lines>
				</class>
				<class name="hr.fer.zemris.java.custom.scripting.exec.ValueWrapper" filename="hr/fer/zemris/java/custom/scripting/exec/ValueWrapper.java" line-rate="1.0" branch-rate="0.96" complexity="3.1818181818181817">
					<methods>
						<method name="&lt;init&gt;" signature="(Ljava/lang/Object;)V" line-rate="1.0" branch-rate="1.0" complexity="0">
							<lines>
								<line number="7" hits="67" branch="false"/>
								<line number="8" hits="67" branch="false"/>
								<line number="9" hits="67" branch="false"/>
							</lines>
						</method>
						<method name="decrement" signature="(Ljava/lang/Object;)V" line-rate="1.0" branch-rate="1.0" complexity="0">
							<lines>
								<line number="16" hits="10" branch="false"/>
								<line number="17" hits="10" branch="false"/>
							</lines>
						</method>
						<method name="divide" signature="(Ljava/lang/Object;)V" line-rate="1.0" branch-rate="1.0" complexity="0">
							<lines>
								<line number="24" hits="11" branch="false"/>
								<line number="25" hits="10" branch="false"/>
							</lines>
						</method>
						<method name="doOperation" signature="(Ljava/lang/Object;Ljava/lang/Object;C)Ljava/lang/Object;" line-rate="1.0" branch-rate="0.9090909090909091" complexity="0">
							<lines>
								<line number="82" hits="46" branch="false"/>
								<line number="83" hits="42" branch="false"/>
								<line number="85" hits="42" branch="false"/>
								<line number="86" hits="42" branch="false"/>
								<line number="88" hits="42" branch="false"/>
								<line number="89" hits="42" branch="true" condition-coverage="80% (4/5)">
									<conditions>
										<condition number="0" type="switch" coverage="80%"/>
									</conditions>
								</line>
								<line number="91" hits="11" branch="false"/>
								<line number="92" hits="11" branch="false"/>
								<line number="94" hits="10" branch="false"/>
								<line number="95" hits="10" branch="false"/>
								<line number="97" hits="10" branch="false"/>
								<line number="98" hits="10" branch="false"/>
								<line number="100" hits="11" branch="true" condition-coverage="100% (2/2)">
									<conditions>
										<condition number="0" type="jump" coverage="100%"/>
									</conditions>
								</line>
								<line number="101" hits="1" branch="false"/>
								<line number="103" hits="10" branch="false"/>
								<line number="107" hits="41" branch="true" condition-coverage="100% (4/4)">
									<conditions>
										<condition number="0" type="jump" coverage="100%"/>
										<condition number="1" type="jump" coverage="100%"/>
									</conditions>
								</line>
								<line number="108" hits="28" branch="false"/>
								<line number="110" hits="13" branch="false"/>
							</lines>
						</method>
						<method name="getValue" signature="()Ljava/lang/Object;" line-rate="1.0" branch-rate="1.0" complexity="0">
							<lines>
								<line number="38" hits="49" branch="false"/>
							</lines>
						</method>
						<method name="increment" signature="(Ljava/lang/Object;)V" line-rate="1.0" branch-rate="1.0" complexity="0">
							<lines>
								<line number="12" hits="15" branch="false"/>
								<line number="13" hits="11" branch="false"/>
							</lines>
						</method>
						<method name="multiply" signature="(Ljava/lang/Object;)V" line-rate="1.0" branch-rate="1.0" complexity="0">
							<lines>
								<line number="20" hits="10" branch="false"/>
								<line number="21" hits="10" branch="false"/>
							</lines>
						</method>
						<method name="numCompare" signature="(Ljava/lang/Object;)I" line-rate="1.0" branch-rate="1.0" complexity="0">
							<lines>
								<line number="28" hits="3" branch="false"/>
								<line number="29" hits="3" branch="false"/>
								<line number="31" hits="3" branch="false"/>
								<line number="32" hits="3" branch="false"/>
								<line number="34" hits="3" branch="false"/>
							</lines>
						</method>
						<method name="parseStringToValue" signature="(Ljava/lang/String;)Ljava/lang/Object;" line-rate="1.0" branch-rate="1.0" complexity="0">
							<lines>
								<line number="46" hits="49" branch="true" condition-coverage="100% (4/4)">
									<conditions>
										<condition number="0" type="jump" coverage="100%"/>
										<condition number="1" type="jump" coverage="100%"/>
									</conditions>
								</line>
								<line number="48" hits="23" branch="false"/>
								<line number="49" hits="2" branch="false"/>
								<line number="51" hits="2" branch="false"/>
								<line number="54" hits="26" branch="false"/>
								<line number="55" hits="1" branch="false"/>
								<line number="60" hits="3" branch="false"/>
							</lines>
						</method>
						<method name="prepareValueForArithmetics" signature="(Ljava/lang/Object;)Ljava/lang/Object;" line-rate="1.0" branch-rate="1.0" complexity="0">
							<lines>
								<line number="65" hits="94" branch="true" condition-coverage="100% (2/2)">
									<conditions>
										<condition number="0" type="jump" coverage="100%"/>
									</conditions>
								</line>
								<line number="66" hits="2" branch="false"/>
								<line number="68" hits="92" branch="true" condition-coverage="100% (6/6)">
									<conditions>
										<condition number="0" type="jump" coverage="100%"/>
										<condition number="1" type="jump" coverage="100%"/>
										<condition number="2" type="jump" coverage="100%"/>
									</conditions>
								</line>
								<line number="70" hits="2" branch="false"/>
								<line number="71" hits="1" branch="false"/>
								<line number="72" hits="1" branch="false"/>
								<line number="74" hits="91" branch="true" condition-coverage="100% (2/2)">
									<conditions>
										<condition number="0" type="jump" coverage="100%"/>
									</conditions>
								</line>
								<line number="75" hits="49" branch="false"/>
								<line number="78" hits="42" branch="false"/>
							</lines>
						</method>
						<method name="setValue" signature="(Ljava/lang/Object;)V" line-rate="1.0" branch-rate="1.0" complexity="0">
							<lines>
								<line number="42" hits="1" branch="false"/>
								<line number="43" hits="1" branch="false"/>
							</lines>
						</method>
					</methods>
					<lines>
						<line number="7" hits="67" branch="false"/>
						<line number="8" hits="67" branch="false"/>
						<line number="9" hits="67" branch="false"/>
						<line number="12" hits="15" branch="false"/>
						<line number="13" hits="11" branch="false"/>
						<line number="16" hits="10" branch="false"/>
						<line number="17" hits="10" branch="false"/>
						<line number="20" hits="10" branch="false"/>
						<line number="21" hits="10" branch="false"/>
						<line number="24" hits="11" branch="false"/>
						<line number="25" hits="10" branch="false"/>
						<line number="28" hits="3" branch="false"/>
						<line number="29" hits="3" branch="false"/>
						<line number="31" hits="3" branch="false"/>
						<line number="32" hits="3" branch="false"/>
						<line number="34" hits="3" branch="false"/>
						<line number="38" hits="49" branch="false"/>
						<line number="42" hits="1" branch="false"/>
						<line number="43" hits="1" branch="false"/>
						<line number="46" hits="49" branch="true" condition-coverage="100% (4/4)">
							<conditions>
								<condition number="0" type="jump" coverage="100%"/>
								<condition number="1" type="jump" coverage="100%"/>
							</conditions>
						</line>
						<line number="48" hits="23" branch="false"/>
						<line number="49" hits="2" branch="false"/>
						<line number="51" hits="2" branch="false"/>
						<line number="54" hits="26" branch="false"/>
						<line number="55" hits="1" branch="false"/>
						<line number="60" hits="3" branch="false"/>
						<line number="65" hits="94" branch="true" condition-coverage="100% (2/2)">
							<conditions>
								<condition number="0" type="jump" coverage="100%"/>
							</conditions>
						</line>
						<line number="66" hits="2" branch="false"/>
						<line number="68" hits="92" branch="true" condition-coverage="100% (6/6)">
							<conditions>
								<condition number="0" type="jump" coverage="100%"/>
								<condition number="1" type="jump" coverage="100%"/>
								<condition number="2" type="jump" coverage="100%"/>
							</conditions>
						</line>
						<line number="70" hits="2" branch="false"/>
						<line number="71" hits="1" branch="false"/>
						<line number="72" hits="1" branch="false"/>
						<line number="74" hits="91" branch="true" condition-coverage="100% (2/2)">
							<conditions>
								<condition number="0" type="jump" coverage="100%"/>
							</conditions>
						</line>
						<line number="75" hits="49" branch="false"/>
						<line number="78" hits="42" branch="false"/>
						<line number="82" hits="46" branch="false"/>
						<line number="83" hits="42" branch="false"/>
						<line number="85" hits="42" branch="false"/>
						<line number="86" hits="42" branch="false"/>
						<line number="88" hits="42" branch="false"/>
						<line number="89" hits="42" branch="true" condition-coverage="80% (4/5)">
							<conditions>
								<condition number="0" type="switch" coverage="80%"/>
							</conditions>
						</line>
						<line number="91" hits="11" branch="false"/>
						<line number="92" hits="11" branch="false"/>
						<line number="94" hits="10" branch="false"/>
						<line number="95" hits="10" branch="false"/>
						<line number="97" hits="10" branch="false"/>
						<line number="98" hits="10" branch="false"/>
						<line number="100" hits="11" branch="true" condition-coverage="100% (2/2)">
							<conditions>
								<condition number="0" type="jump" coverage="100%"/>
							</conditions>
						</line>
						<line number="101" hits="1" branch="false"/>
						<line number="103" hits="10" branch="false"/>
						<line number="107" hits="41" branch="true" condition-coverage="100% (4/4)">
							<conditions>
								<condition number="0" type="jump" coverage="100%"/>
								<condition number="1" type="jump" coverage="100%"/>
							</conditions>
						</line>
						<line number="108" hits="28" branch="false"/>
						<line number="110" hits="13" branch="false"/>
					</lines>
				</class>
			</classes>
		</package>
	</packages>
</coverage>
