<?xml version="1.0" encoding="UTF-8" ?>
<testsuite errors="0" failures="0" hostname="luka-Lenovo-G500" name="hr.fer.zemris.java.tecaj.hw3.ComplexNumberTest" skipped="0" tests="34" time="0.048" timestamp="2015-04-05T15:57:58">
  <properties>
[...]
</properties>
  <testcase classname="hr.fer.zemris.java.tecaj.hw3.ComplexNumberTest" name="divideTest" time="0.005" />
  <testcase classname="hr.fer.zemris.java.tecaj.hw3.ComplexNumberTest" name="nthRoot" time="0.0" />
  <testcase classname="hr.fer.zemris.java.tecaj.hw3.ComplexNumberTest" name="getMagnitude" time="0.0" />
  <testcase classname="hr.fer.zemris.java.tecaj.hw3.ComplexNumberTest" name="subTest" time="0.001" />
  <testcase classname="hr.fer.zemris.java.tecaj.hw3.ComplexNumberTest" name="parserTestIntInt" time="0.003" />
  <testcase classname="hr.fer.zemris.java.tecaj.hw3.ComplexNumberTest" name="fromMagnitudeAndAngle3rdQuadrant" time="0.0" />
  <testcase classname="hr.fer.zemris.java.tecaj.hw3.ComplexNumberTest" name="fromMagnitudeAndAngle1stQuadrant" time="0.0" />
  <testcase classname="hr.fer.zemris.java.tecaj.hw3.ComplexNumberTest" name="fromReal" time="0.0" />
  <testcase classname="hr.fer.zemris.java.tecaj.hw3.ComplexNumberTest" name="toPower" time="0.0" />
  <testcase classname="hr.fer.zemris.java.tecaj.hw3.ComplexNumberTest" name="addTest" time="0.0" />
  <testcase classname="hr.fer.zemris.java.tecaj.hw3.ComplexNumberTest" name="parserTestDoubleDouble" time="0.001" />
  <testcase classname="hr.fer.zemris.java.tecaj.hw3.ComplexNumberTest" name="parserTestDoubleNone" time="0.001" />
  <testcase classname="hr.fer.zemris.java.tecaj.hw3.ComplexNumberTest" name="parserTestNoneDouble" time="0.001" />
  <testcase classname="hr.fer.zemris.java.tecaj.hw3.ComplexNumberTest" name="parserTestDoubleInt" time="0.0" />
  <testcase classname="hr.fer.zemris.java.tecaj.hw3.ComplexNumberTest" name="getAngle3rd4thQuadrant" time="0.0" />
  <testcase classname="hr.fer.zemris.java.tecaj.hw3.ComplexNumberTest" name="getAngle2ndQuadrant" time="0.0" />
  <testcase classname="hr.fer.zemris.java.tecaj.hw3.ComplexNumberTest" name="toRootZero" time="0.0" />
  <testcase classname="hr.fer.zemris.java.tecaj.hw3.ComplexNumberTest" name="parserTestIntDouble" time="0.001" />
  <testcase classname="hr.fer.zemris.java.tecaj.hw3.ComplexNumberTest" name="getAngle4th1stQuadrant" time="0.001" />
  <testcase classname="hr.fer.zemris.java.tecaj.hw3.ComplexNumberTest" name="toPowerZero" time="0.0" />
  <testcase classname="hr.fer.zemris.java.tecaj.hw3.ComplexNumberTest" name="multiplyTest" time="0.001" />
  <testcase classname="hr.fer.zemris.java.tecaj.hw3.ComplexNumberTest" name="parserTestJustAnOperator" time="0.0" />
  <testcase classname="hr.fer.zemris.java.tecaj.hw3.ComplexNumberTest" name="getAngle4thQuadrant" time="0.0" />
  <testcase classname="hr.fer.zemris.java.tecaj.hw3.ComplexNumberTest" name="getAsString" time="0.001" />
  <testcase classname="hr.fer.zemris.java.tecaj.hw3.ComplexNumberTest" name="fromMagnitudeAndAngle2ndQuadrant" time="0.0" />
  <testcase classname="hr.fer.zemris.java.tecaj.hw3.ComplexNumberTest" name="parserTestNoneNone" time="0.001" />
  <testcase classname="hr.fer.zemris.java.tecaj.hw3.ComplexNumberTest" name="fromImaginary" time="0.0" />
  <testcase classname="hr.fer.zemris.java.tecaj.hw3.ComplexNumberTest" name="getAngle1st2ndQuadrant" time="0.0" />
  <testcase classname="hr.fer.zemris.java.tecaj.hw3.ComplexNumberTest" name="getAngle3rdQuadrant" time="0.0" />
  <testcase classname="hr.fer.zemris.java.tecaj.hw3.ComplexNumberTest" name="toPowerNegative" time="0.0" />
  <testcase classname="hr.fer.zemris.java.tecaj.hw3.ComplexNumberTest" name="divideWithZero" time="0.0" />
  <testcase classname="hr.fer.zemris.java.tecaj.hw3.ComplexNumberTest" name="getAngle1stQuadrant" time="0.0" />
  <testcase classname="hr.fer.zemris.java.tecaj.hw3.ComplexNumberTest" name="fromMagnitudeAndAngle4thQuadrant" time="0.001" />
  <testcase classname="hr.fer.zemris.java.tecaj.hw3.ComplexNumberTest" name="getAngle2nd3rdQuadrant" time="0.0" />
  <system-out><![CDATA[]]></system-out>
  <system-err><![CDATA[]]></system-err>
</testsuite>
