<?xml version="1.0" encoding="UTF-8" ?>
<testsuites>
  <testsuite errors="0" failures="0" hostname="luka-Lenovo-G500" id="0" name="CStringTest" package="hr.fer.zemris.java.tecaj.hw3" skipped="0" tests="47" time="0.641" timestamp="2015-04-05T15:57:57">
      <properties>
[...]
</properties>

      <testcase classname="hr.fer.zemris.java.tecaj.hw3.CStringTest" name="constructorFirstTestInvalidOffsetNegative" time="0.007" />

      <testcase classname="hr.fer.zemris.java.tecaj.hw3.CStringTest" name="c1StartsWithFalse" time="0.0" />

      <testcase classname="hr.fer.zemris.java.tecaj.hw3.CStringTest" name="c1LeftInvalidGreaterThanLength" time="0.0" />

      <testcase classname="hr.fer.zemris.java.tecaj.hw3.CStringTest" name="c1RightInvalidGreaterThanLength" time="0.0" />

      <testcase classname="hr.fer.zemris.java.tecaj.hw3.CStringTest" name="c1RightValid" time="0.001" />

      <testcase classname="hr.fer.zemris.java.tecaj.hw3.CStringTest" name="constructorFirstTestInvalidLength" time="0.001" />

      <testcase classname="hr.fer.zemris.java.tecaj.hw3.CStringTest" name="constructorSecondTest" time="0.0" />

      <testcase classname="hr.fer.zemris.java.tecaj.hw3.CStringTest" name="c1ContainsFalse" time="0.0" />

      <testcase classname="hr.fer.zemris.java.tecaj.hw3.CStringTest" name="c1ContainsTrue1" time="0.001" />

      <testcase classname="hr.fer.zemris.java.tecaj.hw3.CStringTest" name="c1ContainsTrue2" time="0.0" />

      <testcase classname="hr.fer.zemris.java.tecaj.hw3.CStringTest" name="c1ContainsTrue3" time="0.0" />

      <testcase classname="hr.fer.zemris.java.tecaj.hw3.CStringTest" name="constructorFirstTestValid" time="0.0" />

      <testcase classname="hr.fer.zemris.java.tecaj.hw3.CStringTest" name="c2IndexOfNotFound" time="0.0" />

      <testcase classname="hr.fer.zemris.java.tecaj.hw3.CStringTest" name="constructorFirstTestNull" time="0.0" />

      <testcase classname="hr.fer.zemris.java.tecaj.hw3.CStringTest" name="c1CharAt" time="0.0" />

      <testcase classname="hr.fer.zemris.java.tecaj.hw3.CStringTest" name="c1replaceABwithWORD" time="0.001" />

      <testcase classname="hr.fer.zemris.java.tecaj.hw3.CStringTest" name="c1Addc2" time="0.0" />

      <testcase classname="hr.fer.zemris.java.tecaj.hw3.CStringTest" name="c4Addc1" time="0.0" />

      <testcase classname="hr.fer.zemris.java.tecaj.hw3.CStringTest" name="c1Length" time="0.0" />

      <testcase classname="hr.fer.zemris.java.tecaj.hw3.CStringTest" name="c1EndsWithTrue" time="0.0" />

      <testcase classname="hr.fer.zemris.java.tecaj.hw3.CStringTest" name="c1IndexOfNotFound" time="0.001" />

      <testcase classname="hr.fer.zemris.java.tecaj.hw3.CStringTest" name="c1SubstringInvalidStartIndex" time="0.0" />

      <testcase classname="hr.fer.zemris.java.tecaj.hw3.CStringTest" name="c1RightInvalidNegativeN" time="0.0" />

      <testcase classname="hr.fer.zemris.java.tecaj.hw3.CStringTest" name="c2SubstringValid1" time="0.0" />

      <testcase classname="hr.fer.zemris.java.tecaj.hw3.CStringTest" name="c2SubstringValid2" time="0.0" />

      <testcase classname="hr.fer.zemris.java.tecaj.hw3.CStringTest" name="c1CharAtOverLength" time="0.0" />

      <testcase classname="hr.fer.zemris.java.tecaj.hw3.CStringTest" name="constructorFourthTest" time="0.0" />

      <testcase classname="hr.fer.zemris.java.tecaj.hw3.CStringTest" name="c2Length" time="0.001" />

      <testcase classname="hr.fer.zemris.java.tecaj.hw3.CStringTest" name="c1StartsWithTrue" time="0.0" />

      <testcase classname="hr.fer.zemris.java.tecaj.hw3.CStringTest" name="c1IndexOf" time="0.0" />

      <testcase classname="hr.fer.zemris.java.tecaj.hw3.CStringTest" name="c1SubstringValid1" time="0.001" />

      <testcase classname="hr.fer.zemris.java.tecaj.hw3.CStringTest" name="c1SubstringValid2" time="0.0" />

      <testcase classname="hr.fer.zemris.java.tecaj.hw3.CStringTest" name="c1replaceAwithWORD" time="0.0" />

      <testcase classname="hr.fer.zemris.java.tecaj.hw3.CStringTest" name="c1CharAtNegative" time="0.001" />

      <testcase classname="hr.fer.zemris.java.tecaj.hw3.CStringTest" name="c1EndsWithEndingHasGreaterLength" time="0.0" />

      <testcase classname="hr.fer.zemris.java.tecaj.hw3.CStringTest" name="c1replaceAwithD" time="0.001" />

      <testcase classname="hr.fer.zemris.java.tecaj.hw3.CStringTest" name="c1EndsWithFalse" time="0.0" />

      <testcase classname="hr.fer.zemris.java.tecaj.hw3.CStringTest" name="c1LeftValid" time="0.0" />

      <testcase classname="hr.fer.zemris.java.tecaj.hw3.CStringTest" name="c3Length" time="0.0" />

      <testcase classname="hr.fer.zemris.java.tecaj.hw3.CStringTest" name="c1SubstringInvalidEndIndex" time="0.0" />

      <testcase classname="hr.fer.zemris.java.tecaj.hw3.CStringTest" name="constructorThirdTest" time="0.0" />

      <testcase classname="hr.fer.zemris.java.tecaj.hw3.CStringTest" name="c1ToCharArray" time="0.004" />

      <testcase classname="hr.fer.zemris.java.tecaj.hw3.CStringTest" name="c1StartsWithStartingHasGreaterLength" time="0.001" />

      <testcase classname="hr.fer.zemris.java.tecaj.hw3.CStringTest" name="c4Length" time="0.0" />

      <testcase classname="hr.fer.zemris.java.tecaj.hw3.CStringTest" name="constructorFirstTestInvalidOffsetPositive" time="0.001" />

      <testcase classname="hr.fer.zemris.java.tecaj.hw3.CStringTest" name="c2IndexOf" time="0.0" />

      <testcase classname="hr.fer.zemris.java.tecaj.hw3.CStringTest" name="c1LeftInvalidNegativeN" time="0.0" />

      <system-out />

      <system-err />

  </testsuite>
  <testsuite errors="0" failures="0" hostname="luka-Lenovo-G500" id="1" name="ComplexNumberTest" package="hr.fer.zemris.java.tecaj.hw3" skipped="0" tests="34" time="0.048" timestamp="2015-04-05T15:57:58">
      <properties>
[...]
</properties>

      <testcase classname="hr.fer.zemris.java.tecaj.hw3.ComplexNumberTest" name="divideTest" time="0.005" />

      <testcase classname="hr.fer.zemris.java.tecaj.hw3.ComplexNumberTest" name="nthRoot" time="0.0" />

      <testcase classname="hr.fer.zemris.java.tecaj.hw3.ComplexNumberTest" name="getMagnitude" time="0.0" />

      <testcase classname="hr.fer.zemris.java.tecaj.hw3.ComplexNumberTest" name="subTest" time="0.001" />

      <testcase classname="hr.fer.zemris.java.tecaj.hw3.ComplexNumberTest" name="parserTestIntInt" time="0.003" />

      <testcase classname="hr.fer.zemris.java.tecaj.hw3.ComplexNumberTest" name="fromMagnitudeAndAngle3rdQuadrant" time="0.0" />

      <testcase classname="hr.fer.zemris.java.tecaj.hw3.ComplexNumberTest" name="fromMagnitudeAndAngle1stQuadrant" time="0.0" />

      <testcase classname="hr.fer.zemris.java.tecaj.hw3.ComplexNumberTest" name="fromReal" time="0.0" />

      <testcase classname="hr.fer.zemris.java.tecaj.hw3.ComplexNumberTest" name="toPower" time="0.0" />

      <testcase classname="hr.fer.zemris.java.tecaj.hw3.ComplexNumberTest" name="addTest" time="0.0" />

      <testcase classname="hr.fer.zemris.java.tecaj.hw3.ComplexNumberTest" name="parserTestDoubleDouble" time="0.001" />

      <testcase classname="hr.fer.zemris.java.tecaj.hw3.ComplexNumberTest" name="parserTestDoubleNone" time="0.001" />

      <testcase classname="hr.fer.zemris.java.tecaj.hw3.ComplexNumberTest" name="parserTestNoneDouble" time="0.001" />

      <testcase classname="hr.fer.zemris.java.tecaj.hw3.ComplexNumberTest" name="parserTestDoubleInt" time="0.0" />

      <testcase classname="hr.fer.zemris.java.tecaj.hw3.ComplexNumberTest" name="getAngle3rd4thQuadrant" time="0.0" />

      <testcase classname="hr.fer.zemris.java.tecaj.hw3.ComplexNumberTest" name="getAngle2ndQuadrant" time="0.0" />

      <testcase classname="hr.fer.zemris.java.tecaj.hw3.ComplexNumberTest" name="toRootZero" time="0.0" />

      <testcase classname="hr.fer.zemris.java.tecaj.hw3.ComplexNumberTest" name="parserTestIntDouble" time="0.001" />

      <testcase classname="hr.fer.zemris.java.tecaj.hw3.ComplexNumberTest" name="getAngle4th1stQuadrant" time="0.001" />

      <testcase classname="hr.fer.zemris.java.tecaj.hw3.ComplexNumberTest" name="toPowerZero" time="0.0" />

      <testcase classname="hr.fer.zemris.java.tecaj.hw3.ComplexNumberTest" name="multiplyTest" time="0.001" />

      <testcase classname="hr.fer.zemris.java.tecaj.hw3.ComplexNumberTest" name="parserTestJustAnOperator" time="0.0" />

      <testcase classname="hr.fer.zemris.java.tecaj.hw3.ComplexNumberTest" name="getAngle4thQuadrant" time="0.0" />

      <testcase classname="hr.fer.zemris.java.tecaj.hw3.ComplexNumberTest" name="getAsString" time="0.001" />

      <testcase classname="hr.fer.zemris.java.tecaj.hw3.ComplexNumberTest" name="fromMagnitudeAndAngle2ndQuadrant" time="0.0" />

      <testcase classname="hr.fer.zemris.java.tecaj.hw3.ComplexNumberTest" name="parserTestNoneNone" time="0.001" />

      <testcase classname="hr.fer.zemris.java.tecaj.hw3.ComplexNumberTest" name="fromImaginary" time="0.0" />

      <testcase classname="hr.fer.zemris.java.tecaj.hw3.ComplexNumberTest" name="getAngle1st2ndQuadrant" time="0.0" />

      <testcase classname="hr.fer.zemris.java.tecaj.hw3.ComplexNumberTest" name="getAngle3rdQuadrant" time="0.0" />

      <testcase classname="hr.fer.zemris.java.tecaj.hw3.ComplexNumberTest" name="toPowerNegative" time="0.0" />

      <testcase classname="hr.fer.zemris.java.tecaj.hw3.ComplexNumberTest" name="divideWithZero" time="0.0" />

      <testcase classname="hr.fer.zemris.java.tecaj.hw3.ComplexNumberTest" name="getAngle1stQuadrant" time="0.0" />

      <testcase classname="hr.fer.zemris.java.tecaj.hw3.ComplexNumberTest" name="fromMagnitudeAndAngle4thQuadrant" time="0.001" />

      <testcase classname="hr.fer.zemris.java.tecaj.hw3.ComplexNumberTest" name="getAngle2nd3rdQuadrant" time="0.0" />

      <system-out />

      <system-err />

  </testsuite>
  <testsuite errors="0" failures="0" hostname="luka-Lenovo-G500" id="2" name="IntegerSequenceTest" package="hr.fer.zemris.java.tecaj.hw3" skipped="0" tests="6" time="0.01" timestamp="2015-04-05T15:57:58">
      <properties>
[...]
</properties>

      <testcase classname="hr.fer.zemris.java.tecaj.hw3.IntegerSequenceTest" name="rangeGoingtoNegativeIterateEndValue" time="0.003" />

      <testcase classname="hr.fer.zemris.java.tecaj.hw3.IntegerSequenceTest" name="rangeGoingtoNegativeIterate" time="0.0" />

      <testcase classname="hr.fer.zemris.java.tecaj.hw3.IntegerSequenceTest" name="rangeGoingtoPositiveIterateEndValue" time="0.0" />

      <testcase classname="hr.fer.zemris.java.tecaj.hw3.IntegerSequenceTest" name="rangeGoingtoPositiveInvalid" time="0.0" />

      <testcase classname="hr.fer.zemris.java.tecaj.hw3.IntegerSequenceTest" name="rangeGoingtoPositiveIterate" time="0.0" />

      <testcase classname="hr.fer.zemris.java.tecaj.hw3.IntegerSequenceTest" name="rangeGoingtoNegativeInvalid" time="0.0" />

      <system-out />

      <system-err />

  </testsuite>
</testsuites>
