<?xml version="1.0" encoding="UTF-8" ?>
<testsuites>
  <testsuite errors="0" failures="0" hostname="luka-PC" id="0" name="DatabaseLoaderUtilityTest" package="hr.fer.zemris.java.hw13.voting" skipped="0" tests="1" time="0.29" timestamp="2015-06-19T23:23:53">
      <properties>
[...]
</properties>

      <testcase classname="hr.fer.zemris.java.hw13.voting.DatabaseLoaderUtilityTest" name="testDefinitionLoad" time="0.124" />

      <system-out><![CDATA[]]></system-out>

      <system-err><![CDATA[]]></system-err>

  </testsuite>
</testsuites>
